2023-04-30 00:22:41.878 [info] Added views:workbench.panel.markers.view in workbench.panel.markers
2023-04-30 00:22:41.878 [info] Added views:workbench.panel.output in workbench.panel.output
2023-04-30 00:22:41.878 [info] Added views:terminal in terminal
2023-04-30 00:22:41.878 [info] Added views:outline in workbench.view.explorer
2023-04-30 00:22:41.878 [info] Added views:workbench.scm in workbench.view.scm
2023-04-30 00:22:41.878 [info] Added views:workbench.view.search in workbench.view.search
2023-04-30 00:22:41.878 [info] Added views:timeline in workbench.view.explorer
2023-04-30 00:22:41.878 [info] Added views:workbench.explorer.fileView in workbench.view.explorer
2023-04-30 00:22:42.023 [info] Added views:workbench.debug.variablesView,workbench.debug.watchExpressionsView,workbench.debug.callStackView,workbench.debug.breakPointsView in workbench.view.debug
2023-04-30 00:22:42.497 [info] Added views:workbench.panel.repl.view in workbench.panel.repl
2023-04-30 00:22:42.498 [info] Removed views:workbench.debug.breakPointsView,workbench.debug.callStackView,workbench.debug.watchExpressionsView,workbench.debug.variablesView from workbench.view.debug
2023-04-30 00:22:42.498 [info] Added views:workbench.debug.welcome in workbench.view.debug
2023-04-30 00:22:46.736 [info] Added views:workbench.view.testing in workbench.view.extension.test
2023-04-30 00:58:21.510 [info] Added views:workbench.debug.breakPointsView in workbench.view.debug
2023-04-30 00:58:25.376 [info] Removed views:workbench.debug.welcome from workbench.view.debug
2023-04-30 00:58:25.406 [info] Added views:workbench.debug.variablesView,workbench.debug.watchExpressionsView,workbench.debug.callStackView in workbench.view.debug
2023-04-30 00:58:26.194 [info] Removed views:workbench.debug.callStackView,workbench.debug.watchExpressionsView,workbench.debug.variablesView from workbench.view.debug
2023-04-30 00:58:26.209 [info] Added views:workbench.debug.welcome in workbench.view.debug
2023-04-30 01:02:55.881 [info] Removed views:workbench.debug.welcome from workbench.view.debug
2023-04-30 01:02:55.897 [info] Added views:workbench.debug.variablesView,workbench.debug.watchExpressionsView,workbench.debug.callStackView in workbench.view.debug
2023-04-30 01:02:56.670 [info] Removed views:workbench.debug.callStackView,workbench.debug.watchExpressionsView,workbench.debug.variablesView from workbench.view.debug
2023-04-30 01:02:56.677 [info] Added views:workbench.debug.welcome in workbench.view.debug
2023-04-30 01:03:05.347 [info] Removed views:workbench.debug.welcome from workbench.view.debug
2023-04-30 01:03:05.389 [info] Added views:workbench.debug.variablesView,workbench.debug.watchExpressionsView,workbench.debug.callStackView in workbench.view.debug
2023-04-30 01:03:06.133 [info] Removed views:workbench.debug.callStackView,workbench.debug.watchExpressionsView,workbench.debug.variablesView from workbench.view.debug
2023-04-30 01:03:06.140 [info] Added views:workbench.debug.welcome in workbench.view.debug
2023-04-30 01:04:03.994 [info] Removed views:workbench.debug.welcome from workbench.view.debug
2023-04-30 01:04:04.024 [info] Added views:workbench.debug.variablesView,workbench.debug.watchExpressionsView,workbench.debug.callStackView in workbench.view.debug
2023-04-30 01:04:04.777 [info] Removed views:workbench.debug.callStackView,workbench.debug.watchExpressionsView,workbench.debug.variablesView from workbench.view.debug
2023-04-30 01:04:04.781 [info] Added views:workbench.debug.welcome in workbench.view.debug
