2023-05-05 13:13:21.378 [info] Extension host with pid 1038271 started
2023-05-05 13:13:21.378 [info] Skipping acquiring lock for /home/i0xfce/.config/VSCodium/User/workspaceStorage/85ef608ae3e089d3250e9c462bdb9944.
2023-05-05 13:13:21.496 [info] ExtensionService#_doActivateExtension vscode.git-base, startup: true, activationEvent: '*'
2023-05-05 13:13:21.602 [info] ExtensionService#_doActivateExtension vscode.github, startup: true, activationEvent: '*'
2023-05-05 13:13:21.613 [info] Eager extensions activated
2023-05-05 13:13:21.704 [info] ExtensionService#_doActivateExtension vscode.debug-auto-launch, startup: false, activationEvent: 'onStartupFinished'
2023-05-05 13:13:21.704 [info] ExtensionService#_doActivateExtension vscode.merge-conflict, startup: false, activationEvent: 'onStartupFinished'
2023-05-05 13:13:25.464 [info] ExtensionService#_doActivateExtension vscode.git, startup: false, activationEvent: 'api', root cause: vscode.github
2023-05-05 13:13:25.498 [info] ExtensionService#_doActivateExtension vadimcn.vscode-lldb, startup: false, activationEvent: 'onStartupFinished'
2023-05-05 13:13:26.675 [info] ExtensionService#_doActivateExtension vscode.emmet, startup: false, activationEvent: 'onLanguage'
2023-05-05 13:13:34.298 [info] ExtensionService#_doActivateExtension vscode.debug-server-ready, startup: false, activationEvent: 'onDebugResolve'
2023-05-05 13:13:44.558 [info] ExtensionService#_doActivateExtension rogalmic.bash-debug, startup: false, activationEvent: 'onDebug'
2023-05-05 13:13:54.408 [info] ExtensionService#_doActivateExtension ms-vscode.js-debug, startup: false, activationEvent: 'onDebugInitialConfigurations'
2023-05-05 13:13:54.409 [info] ExtensionService#_doActivateExtension ms-python.python, startup: false, activationEvent: 'onDebugInitialConfigurations'
2023-05-05 13:13:54.409 [info] ExtensionService#_doActivateExtension muhammad-sammy.csharp, startup: false, activationEvent: 'onDebugInitialConfigurations'
2023-05-05 13:13:54.409 [info] ExtensionService#_doActivateExtension vscjava.vscode-java-debug, startup: false, activationEvent: 'onDebugInitialConfigurations'
2023-05-05 13:15:00.099 [info] ExtensionService#_doActivateExtension vscode.configuration-editing, startup: false, activationEvent: 'onLanguage:jsonc'
2023-05-05 13:15:00.100 [info] ExtensionService#_doActivateExtension vscode.json-language-features, startup: false, activationEvent: 'onLanguage:jsonc'
2023-05-05 13:15:00.100 [info] ExtensionService#_doActivateExtension vscode.typescript-language-features, startup: false, activationEvent: 'onLanguage:jsonc'
2023-05-05 13:15:29.595 [info] Extension host terminating: renderer closed the socket
2023-05-05 13:15:29.629 [info] Extension host with pid 1038271 exiting with code 0
