Name: isort
Module: isort
Python extension loading
Waiting for interpreter from python extension.
Python extension loaded
CWD Server: /home/i0xfce/Telegram Desktop
sys.path used to run Server:
   /home/i0xfce/.vscode-oss/extensions/ms-python.isort-2022.8.0-universal/bundled/libs
   /home/i0xfce/.vscode-oss/extensions/ms-python.isort-2022.8.0-universal/bundled/tool
   /usr/lib/python310.zip
   /usr/lib/python3.10
   /usr/lib/python3.10/lib-dynload
   /home/i0xfce/.local/lib/python3.10/site-packages
   /usr/lib/python3.10/site-packages
Settings used to run Server:
[]

/bin/python -m isort --version-number
CWD Linter: /home/i0xfce/Telegram Desktop
Version info for isort running for /home/i0xfce/Telegram Desktop:
5.10.1

SUPPORTED isort>=5.10.1
FOUND isort==5.10.1

