[Error - 6:49:45 PM] Apr 17, 2023, 6:49:45 PM BadLocationException
null
org.eclipse.jface.text.BadLocationException
	at org.eclipse.jface.text.ListLineTracker.getLineOffset(ListLineTracker.java:197)
	at org.eclipse.jface.text.AbstractLineTracker.getLineOffset(AbstractLineTracker.java:252)
	at org.eclipse.jface.text.AbstractDocument.getLineOffset(AbstractDocument.java:877)
	at org.eclipse.jdt.ls.core.internal.handlers.JsonRpcHelpers.toOffset(JsonRpcHelpers.java:85)
	at org.eclipse.jdt.ls.core.internal.handlers.JsonRpcHelpers.toOffset(JsonRpcHelpers.java:69)
	at org.eclipse.jdt.ls.core.internal.handlers.InlayHintsHandler.inlayHint(InlayHintsHandler.java:78)
	at org.eclipse.jdt.ls.core.internal.handlers.JDTLanguageServer.lambda$54(JDTLanguageServer.java:1105)
	at org.eclipse.jdt.ls.core.internal.BaseJDTLanguageServer.lambda$0(BaseJDTLanguageServer.java:87)
	at java.base/java.util.concurrent.CompletableFuture$UniApply.tryFire(Unknown Source)
	at java.base/java.util.concurrent.CompletableFuture$Completion.exec(Unknown Source)
	at java.base/java.util.concurrent.ForkJoinTask.doExec(Unknown Source)
	at java.base/java.util.concurrent.ForkJoinPool$WorkQueue.topLevelExec(Unknown Source)
	at java.base/java.util.concurrent.ForkJoinPool.scan(Unknown Source)
	at java.base/java.util.concurrent.ForkJoinPool.runWorker(Unknown Source)
	at java.base/java.util.concurrent.ForkJoinWorkerThread.run(Unknown Source)

[Error - 6:49:47 PM] Apr 17, 2023, 6:49:47 PM BadLocationException
null
org.eclipse.jface.text.BadLocationException
	at org.eclipse.jface.text.ListLineTracker.getLineOffset(ListLineTracker.java:197)
	at org.eclipse.jface.text.AbstractLineTracker.getLineOffset(AbstractLineTracker.java:252)
	at org.eclipse.jface.text.AbstractDocument.getLineOffset(AbstractDocument.java:877)
	at org.eclipse.jdt.ls.core.internal.handlers.JsonRpcHelpers.toOffset(JsonRpcHelpers.java:85)
	at org.eclipse.jdt.ls.core.internal.handlers.JsonRpcHelpers.toOffset(JsonRpcHelpers.java:69)
	at org.eclipse.jdt.ls.core.internal.JDTUtils.findElementsAtSelection(JDTUtils.java:992)
	at org.eclipse.jdt.ls.core.internal.JDTUtils.findElementAtSelection(JDTUtils.java:978)
	at org.eclipse.jdt.ls.core.internal.handlers.NavigateToDefinitionHandler.computeDefinitionNavigation(NavigateToDefinitionHandler.java:83)
	at org.eclipse.jdt.ls.core.internal.handlers.NavigateToDefinitionHandler.definition(NavigateToDefinitionHandler.java:73)
	at org.eclipse.jdt.ls.core.internal.handlers.JDTLanguageServer.lambda$9(JDTLanguageServer.java:646)
	at org.eclipse.jdt.ls.core.internal.BaseJDTLanguageServer.lambda$0(BaseJDTLanguageServer.java:87)
	at java.base/java.util.concurrent.CompletableFuture$UniApply.tryFire(Unknown Source)
	at java.base/java.util.concurrent.CompletableFuture$Completion.exec(Unknown Source)
	at java.base/java.util.concurrent.ForkJoinTask.doExec(Unknown Source)
	at java.base/java.util.concurrent.ForkJoinPool$WorkQueue.topLevelExec(Unknown Source)
	at java.base/java.util.concurrent.ForkJoinPool.scan(Unknown Source)
	at java.base/java.util.concurrent.ForkJoinPool.runWorker(Unknown Source)
	at java.base/java.util.concurrent.ForkJoinWorkerThread.run(Unknown Source)

[Error - 6:49:47 PM] Apr 17, 2023, 6:49:47 PM BadLocationException
null
org.eclipse.jface.text.BadLocationException
	at org.eclipse.jface.text.ListLineTracker.getLineOffset(ListLineTracker.java:197)
	at org.eclipse.jface.text.AbstractLineTracker.getLineOffset(AbstractLineTracker.java:252)
	at org.eclipse.jface.text.AbstractDocument.getLineOffset(AbstractDocument.java:877)
	at org.eclipse.jdt.ls.core.internal.handlers.JsonRpcHelpers.toOffset(JsonRpcHelpers.java:85)
	at org.eclipse.jdt.ls.core.internal.handlers.JsonRpcHelpers.toOffset(JsonRpcHelpers.java:69)
	at org.eclipse.jdt.ls.core.internal.handlers.NavigateToDefinitionHandler.computeBreakContinue(NavigateToDefinitionHandler.java:99)
	at org.eclipse.jdt.ls.core.internal.handlers.NavigateToDefinitionHandler.computeDefinitionNavigation(NavigateToDefinitionHandler.java:88)
	at org.eclipse.jdt.ls.core.internal.handlers.NavigateToDefinitionHandler.definition(NavigateToDefinitionHandler.java:73)
	at org.eclipse.jdt.ls.core.internal.handlers.JDTLanguageServer.lambda$9(JDTLanguageServer.java:646)
	at org.eclipse.jdt.ls.core.internal.BaseJDTLanguageServer.lambda$0(BaseJDTLanguageServer.java:87)
	at java.base/java.util.concurrent.CompletableFuture$UniApply.tryFire(Unknown Source)
	at java.base/java.util.concurrent.CompletableFuture$Completion.exec(Unknown Source)
	at java.base/java.util.concurrent.ForkJoinTask.doExec(Unknown Source)
	at java.base/java.util.concurrent.ForkJoinPool$WorkQueue.topLevelExec(Unknown Source)
	at java.base/java.util.concurrent.ForkJoinPool.scan(Unknown Source)
	at java.base/java.util.concurrent.ForkJoinPool.runWorker(Unknown Source)
	at java.base/java.util.concurrent.ForkJoinWorkerThread.run(Unknown Source)

[Error - 6:49:47 PM] Apr 17, 2023, 6:49:47 PM BadLocationException
null
org.eclipse.jface.text.BadLocationException
	at org.eclipse.jface.text.ListLineTracker.getLineOffset(ListLineTracker.java:197)
	at org.eclipse.jface.text.AbstractLineTracker.getLineOffset(AbstractLineTracker.java:252)
	at org.eclipse.jface.text.AbstractDocument.getLineOffset(AbstractDocument.java:877)
	at org.eclipse.jdt.ls.core.internal.handlers.JsonRpcHelpers.toOffset(JsonRpcHelpers.java:85)
	at org.eclipse.jdt.ls.core.internal.handlers.JsonRpcHelpers.toOffset(JsonRpcHelpers.java:69)
	at org.eclipse.jdt.ls.core.internal.JDTUtils.findElementsAtSelection(JDTUtils.java:992)
	at org.eclipse.jdt.ls.core.internal.HoverInfoProvider.computeHover(HoverInfoProvider.java:102)
	at org.eclipse.jdt.ls.core.internal.handlers.HoverHandler.computeHover(HoverHandler.java:57)
	at org.eclipse.jdt.ls.core.internal.handlers.HoverHandler.hover(HoverHandler.java:43)
	at org.eclipse.jdt.ls.core.internal.handlers.JDTLanguageServer.lambda$7(JDTLanguageServer.java:624)
	at org.eclipse.jdt.ls.core.internal.BaseJDTLanguageServer.lambda$0(BaseJDTLanguageServer.java:87)
	at java.base/java.util.concurrent.CompletableFuture$UniApply.tryFire(Unknown Source)
	at java.base/java.util.concurrent.CompletableFuture$Completion.exec(Unknown Source)
	at java.base/java.util.concurrent.ForkJoinTask.doExec(Unknown Source)
	at java.base/java.util.concurrent.ForkJoinPool$WorkQueue.topLevelExec(Unknown Source)
	at java.base/java.util.concurrent.ForkJoinPool.scan(Unknown Source)
	at java.base/java.util.concurrent.ForkJoinPool.runWorker(Unknown Source)
	at java.base/java.util.concurrent.ForkJoinWorkerThread.run(Unknown Source)

[Error - 6:49:47 PM] Apr 17, 2023, 6:49:47 PM BadLocationException
null
org.eclipse.jface.text.BadLocationException
	at org.eclipse.jface.text.ListLineTracker.getLineOffset(ListLineTracker.java:197)
	at org.eclipse.jface.text.AbstractLineTracker.getLineOffset(AbstractLineTracker.java:252)
	at org.eclipse.jface.text.AbstractDocument.getLineOffset(AbstractDocument.java:877)
	at org.eclipse.jdt.ls.core.internal.handlers.JsonRpcHelpers.toOffset(JsonRpcHelpers.java:85)
	at org.eclipse.jdt.ls.core.internal.handlers.JsonRpcHelpers.toOffset(JsonRpcHelpers.java:69)
	at org.eclipse.jdt.ls.core.internal.JDTUtils.findElementsAtSelection(JDTUtils.java:992)
	at org.eclipse.jdt.ls.core.internal.JDTUtils.findElementAtSelection(JDTUtils.java:978)
	at org.eclipse.jdt.ls.core.internal.handlers.FindLinksHandler.findLinks(FindLinksHandler.java:46)
	at org.eclipse.jdt.ls.core.internal.handlers.JDTLanguageServer.lambda$12(JDTLanguageServer.java:676)
	at org.eclipse.jdt.ls.core.internal.BaseJDTLanguageServer.lambda$0(BaseJDTLanguageServer.java:87)
	at java.base/java.util.concurrent.CompletableFuture$UniApply.tryFire(Unknown Source)
	at java.base/java.util.concurrent.CompletableFuture$Completion.exec(Unknown Source)
	at java.base/java.util.concurrent.ForkJoinTask.doExec(Unknown Source)
	at java.base/java.util.concurrent.ForkJoinPool$WorkQueue.topLevelExec(Unknown Source)
	at java.base/java.util.concurrent.ForkJoinPool.scan(Unknown Source)
	at java.base/java.util.concurrent.ForkJoinPool.runWorker(Unknown Source)
	at java.base/java.util.concurrent.ForkJoinWorkerThread.run(Unknown Source)

[Error - 6:49:49 PM] Apr 17, 2023, 6:49:49 PM BadLocationException
null
org.eclipse.jface.text.BadLocationException
	at org.eclipse.jface.text.ListLineTracker.getLineOffset(ListLineTracker.java:197)
	at org.eclipse.jface.text.AbstractLineTracker.getLineOffset(AbstractLineTracker.java:252)
	at org.eclipse.jface.text.AbstractDocument.getLineOffset(AbstractDocument.java:877)
	at org.eclipse.jdt.ls.core.internal.handlers.JsonRpcHelpers.toOffset(JsonRpcHelpers.java:85)
	at org.eclipse.jdt.ls.core.internal.handlers.JsonRpcHelpers.toOffset(JsonRpcHelpers.java:69)
	at org.eclipse.jdt.ls.core.internal.handlers.InlayHintsHandler.inlayHint(InlayHintsHandler.java:78)
	at org.eclipse.jdt.ls.core.internal.handlers.JDTLanguageServer.lambda$54(JDTLanguageServer.java:1105)
	at org.eclipse.jdt.ls.core.internal.BaseJDTLanguageServer.lambda$0(BaseJDTLanguageServer.java:87)
	at java.base/java.util.concurrent.CompletableFuture$UniApply.tryFire(Unknown Source)
	at java.base/java.util.concurrent.CompletableFuture$Completion.exec(Unknown Source)
	at java.base/java.util.concurrent.ForkJoinTask.doExec(Unknown Source)
	at java.base/java.util.concurrent.ForkJoinPool$WorkQueue.topLevelExec(Unknown Source)
	at java.base/java.util.concurrent.ForkJoinPool.scan(Unknown Source)
	at java.base/java.util.concurrent.ForkJoinPool.runWorker(Unknown Source)
	at java.base/java.util.concurrent.ForkJoinWorkerThread.run(Unknown Source)

[Error - 6:49:55 PM] Apr 17, 2023, 6:49:55 PM BadLocationException
null
org.eclipse.jface.text.BadLocationException
	at org.eclipse.jface.text.ListLineTracker.getLineOffset(ListLineTracker.java:197)
	at org.eclipse.jface.text.AbstractLineTracker.getLineOffset(AbstractLineTracker.java:252)
	at org.eclipse.jface.text.AbstractDocument.getLineOffset(AbstractDocument.java:877)
	at org.eclipse.jdt.ls.core.internal.handlers.JsonRpcHelpers.toOffset(JsonRpcHelpers.java:85)
	at org.eclipse.jdt.ls.core.internal.handlers.JsonRpcHelpers.toOffset(JsonRpcHelpers.java:69)
	at org.eclipse.jdt.ls.core.internal.handlers.InlayHintsHandler.inlayHint(InlayHintsHandler.java:78)
	at org.eclipse.jdt.ls.core.internal.handlers.JDTLanguageServer.lambda$54(JDTLanguageServer.java:1105)
	at org.eclipse.jdt.ls.core.internal.BaseJDTLanguageServer.lambda$0(BaseJDTLanguageServer.java:87)
	at java.base/java.util.concurrent.CompletableFuture$UniApply.tryFire(Unknown Source)
	at java.base/java.util.concurrent.CompletableFuture$Completion.exec(Unknown Source)
	at java.base/java.util.concurrent.ForkJoinTask.doExec(Unknown Source)
	at java.base/java.util.concurrent.ForkJoinPool$WorkQueue.topLevelExec(Unknown Source)
	at java.base/java.util.concurrent.ForkJoinPool.scan(Unknown Source)
	at java.base/java.util.concurrent.ForkJoinPool.runWorker(Unknown Source)
	at java.base/java.util.concurrent.ForkJoinWorkerThread.run(Unknown Source)

[Error - 6:49:58 PM] Apr 17, 2023, 6:49:58 PM BadLocationException
null
org.eclipse.jface.text.BadLocationException
	at org.eclipse.jface.text.ListLineTracker.getLineOffset(ListLineTracker.java:197)
	at org.eclipse.jface.text.AbstractLineTracker.getLineOffset(AbstractLineTracker.java:252)
	at org.eclipse.jface.text.AbstractDocument.getLineOffset(AbstractDocument.java:877)
	at org.eclipse.jdt.ls.core.internal.handlers.JsonRpcHelpers.toOffset(JsonRpcHelpers.java:85)
	at org.eclipse.jdt.ls.core.internal.handlers.JsonRpcHelpers.toOffset(JsonRpcHelpers.java:69)
	at org.eclipse.jdt.ls.core.internal.handlers.InlayHintsHandler.inlayHint(InlayHintsHandler.java:78)
	at org.eclipse.jdt.ls.core.internal.handlers.JDTLanguageServer.lambda$54(JDTLanguageServer.java:1105)
	at org.eclipse.jdt.ls.core.internal.BaseJDTLanguageServer.lambda$0(BaseJDTLanguageServer.java:87)
	at java.base/java.util.concurrent.CompletableFuture$UniApply.tryFire(Unknown Source)
	at java.base/java.util.concurrent.CompletableFuture$Completion.exec(Unknown Source)
	at java.base/java.util.concurrent.ForkJoinTask.doExec(Unknown Source)
	at java.base/java.util.concurrent.ForkJoinPool$WorkQueue.topLevelExec(Unknown Source)
	at java.base/java.util.concurrent.ForkJoinPool.scan(Unknown Source)
	at java.base/java.util.concurrent.ForkJoinPool.runWorker(Unknown Source)
	at java.base/java.util.concurrent.ForkJoinWorkerThread.run(Unknown Source)

[Error - 6:54:24 PM] Apr 17, 2023, 6:54:24 PM BadLocationException
null
org.eclipse.jface.text.BadLocationException
	at org.eclipse.jface.text.ListLineTracker.getLineOffset(ListLineTracker.java:197)
	at org.eclipse.jface.text.AbstractLineTracker.getLineOffset(AbstractLineTracker.java:252)
	at org.eclipse.jface.text.AbstractDocument.getLineOffset(AbstractDocument.java:877)
	at org.eclipse.jdt.ls.core.internal.handlers.JsonRpcHelpers.toOffset(JsonRpcHelpers.java:85)
	at org.eclipse.jdt.ls.core.internal.handlers.JsonRpcHelpers.toOffset(JsonRpcHelpers.java:69)
	at org.eclipse.jdt.ls.core.internal.corrections.DiagnosticsHelper.getStartOffset(DiagnosticsHelper.java:53)
	at org.eclipse.jdt.ls.core.internal.handlers.CodeActionHandler.getContext(CodeActionHandler.java:344)
	at org.eclipse.jdt.ls.core.internal.handlers.CodeActionHandler.getCodeActionCommands(CodeActionHandler.java:134)
	at org.eclipse.jdt.ls.core.internal.handlers.JDTLanguageServer.lambda$15(JDTLanguageServer.java:710)
	at org.eclipse.jdt.ls.core.internal.BaseJDTLanguageServer.lambda$0(BaseJDTLanguageServer.java:87)
	at java.base/java.util.concurrent.CompletableFuture$UniApply.tryFire(Unknown Source)
	at java.base/java.util.concurrent.CompletableFuture$Completion.exec(Unknown Source)
	at java.base/java.util.concurrent.ForkJoinTask.doExec(Unknown Source)
	at java.base/java.util.concurrent.ForkJoinPool$WorkQueue.topLevelExec(Unknown Source)
	at java.base/java.util.concurrent.ForkJoinPool.scan(Unknown Source)
	at java.base/java.util.concurrent.ForkJoinPool.runWorker(Unknown Source)
	at java.base/java.util.concurrent.ForkJoinWorkerThread.run(Unknown Source)

[Error - 6:54:24 PM] Apr 17, 2023, 6:54:24 PM BadLocationException
null
org.eclipse.jface.text.BadLocationException
	at org.eclipse.jface.text.ListLineTracker.getLineOffset(ListLineTracker.java:197)
	at org.eclipse.jface.text.AbstractLineTracker.getLineOffset(AbstractLineTracker.java:252)
	at org.eclipse.jface.text.AbstractDocument.getLineOffset(AbstractDocument.java:877)
	at org.eclipse.jdt.ls.core.internal.handlers.JsonRpcHelpers.toOffset(JsonRpcHelpers.java:85)
	at org.eclipse.jdt.ls.core.internal.handlers.JsonRpcHelpers.toOffset(JsonRpcHelpers.java:69)
	at org.eclipse.jdt.ls.core.internal.corrections.DiagnosticsHelper.getEndOffset(DiagnosticsHelper.java:38)
	at org.eclipse.jdt.ls.core.internal.handlers.CodeActionHandler.getContext(CodeActionHandler.java:345)
	at org.eclipse.jdt.ls.core.internal.handlers.CodeActionHandler.getCodeActionCommands(CodeActionHandler.java:134)
	at org.eclipse.jdt.ls.core.internal.handlers.JDTLanguageServer.lambda$15(JDTLanguageServer.java:710)
	at org.eclipse.jdt.ls.core.internal.BaseJDTLanguageServer.lambda$0(BaseJDTLanguageServer.java:87)
	at java.base/java.util.concurrent.CompletableFuture$UniApply.tryFire(Unknown Source)
	at java.base/java.util.concurrent.CompletableFuture$Completion.exec(Unknown Source)
	at java.base/java.util.concurrent.ForkJoinTask.doExec(Unknown Source)
	at java.base/java.util.concurrent.ForkJoinPool$WorkQueue.topLevelExec(Unknown Source)
	at java.base/java.util.concurrent.ForkJoinPool.scan(Unknown Source)
	at java.base/java.util.concurrent.ForkJoinPool.runWorker(Unknown Source)
	at java.base/java.util.concurrent.ForkJoinWorkerThread.run(Unknown Source)

[Error - 6:54:24 PM] Request textDocument/codeAction failed.
  Message: Internal error.
  Code: -32603 
java.util.concurrent.CompletionException: java.lang.NullPointerException: Cannot invoke "org.eclipse.jdt.core.dom.ASTNode.accept(org.eclipse.jdt.core.dom.ASTVisitor)" because "coveringNode" is null
	at java.base/java.util.concurrent.CompletableFuture.encodeThrowable(Unknown Source)
	at java.base/java.util.concurrent.CompletableFuture.completeThrowable(Unknown Source)
	at java.base/java.util.concurrent.CompletableFuture$UniApply.tryFire(Unknown Source)
	at java.base/java.util.concurrent.CompletableFuture$Completion.exec(Unknown Source)
	at java.base/java.util.concurrent.ForkJoinTask.doExec(Unknown Source)
	at java.base/java.util.concurrent.ForkJoinPool$WorkQueue.topLevelExec(Unknown Source)
	at java.base/java.util.concurrent.ForkJoinPool.scan(Unknown Source)
	at java.base/java.util.concurrent.ForkJoinPool.runWorker(Unknown Source)
	at java.base/java.util.concurrent.ForkJoinWorkerThread.run(Unknown Source)
Caused by: java.lang.NullPointerException: Cannot invoke "org.eclipse.jdt.core.dom.ASTNode.accept(org.eclipse.jdt.core.dom.ASTVisitor)" because "coveringNode" is null
	at org.eclipse.jdt.ls.core.internal.text.correction.QuickAssistProcessor.getFullyCoveredNodes(QuickAssistProcessor.java:344)
	at org.eclipse.jdt.ls.core.internal.text.correction.SourceAssistProcessor.getSourceActionCommands(SourceAssistProcessor.java:125)
	at org.eclipse.jdt.ls.core.internal.handlers.CodeActionHandler.getCodeActionCommands(CodeActionHandler.java:213)
	at org.eclipse.jdt.ls.core.internal.handlers.JDTLanguageServer.lambda$15(JDTLanguageServer.java:710)
	at org.eclipse.jdt.ls.core.internal.BaseJDTLanguageServer.lambda$0(BaseJDTLanguageServer.java:87)
	... 7 more

[Error - 6:54:24 PM] Apr 17, 2023, 6:54:24 PM BadLocationException
null
org.eclipse.jface.text.BadLocationException
	at org.eclipse.jface.text.ListLineTracker.getLineOffset(ListLineTracker.java:197)
	at org.eclipse.jface.text.AbstractLineTracker.getLineOffset(AbstractLineTracker.java:252)
	at org.eclipse.jface.text.AbstractDocument.getLineOffset(AbstractDocument.java:877)
	at org.eclipse.jdt.ls.core.internal.handlers.JsonRpcHelpers.toOffset(JsonRpcHelpers.java:85)
	at org.eclipse.jdt.ls.core.internal.handlers.JsonRpcHelpers.toOffset(JsonRpcHelpers.java:69)
	at org.eclipse.jdt.ls.core.internal.handlers.InlayHintsHandler.inlayHint(InlayHintsHandler.java:78)
	at org.eclipse.jdt.ls.core.internal.handlers.JDTLanguageServer.lambda$54(JDTLanguageServer.java:1105)
	at org.eclipse.jdt.ls.core.internal.BaseJDTLanguageServer.lambda$0(BaseJDTLanguageServer.java:87)
	at java.base/java.util.concurrent.CompletableFuture$UniApply.tryFire(Unknown Source)
	at java.base/java.util.concurrent.CompletableFuture$Completion.exec(Unknown Source)
	at java.base/java.util.concurrent.ForkJoinTask.doExec(Unknown Source)
	at java.base/java.util.concurrent.ForkJoinPool$WorkQueue.topLevelExec(Unknown Source)
	at java.base/java.util.concurrent.ForkJoinPool.scan(Unknown Source)
	at java.base/java.util.concurrent.ForkJoinPool.runWorker(Unknown Source)
	at java.base/java.util.concurrent.ForkJoinWorkerThread.run(Unknown Source)

[Error - 6:54:26 PM] Apr 17, 2023, 6:54:26 PM BadLocationException
null
org.eclipse.jface.text.BadLocationException
	at org.eclipse.jface.text.ListLineTracker.getLineOffset(ListLineTracker.java:197)
	at org.eclipse.jface.text.AbstractLineTracker.getLineOffset(AbstractLineTracker.java:252)
	at org.eclipse.jface.text.AbstractDocument.getLineOffset(AbstractDocument.java:877)
	at org.eclipse.jdt.ls.core.internal.handlers.JsonRpcHelpers.toOffset(JsonRpcHelpers.java:85)
	at org.eclipse.jdt.ls.core.internal.handlers.JsonRpcHelpers.toOffset(JsonRpcHelpers.java:69)
	at org.eclipse.jdt.ls.core.internal.handlers.InlayHintsHandler.inlayHint(InlayHintsHandler.java:78)
	at org.eclipse.jdt.ls.core.internal.handlers.JDTLanguageServer.lambda$54(JDTLanguageServer.java:1105)
	at org.eclipse.jdt.ls.core.internal.BaseJDTLanguageServer.lambda$0(BaseJDTLanguageServer.java:87)
	at java.base/java.util.concurrent.CompletableFuture$UniApply.tryFire(Unknown Source)
	at java.base/java.util.concurrent.CompletableFuture$Completion.exec(Unknown Source)
	at java.base/java.util.concurrent.ForkJoinTask.doExec(Unknown Source)
	at java.base/java.util.concurrent.ForkJoinPool$WorkQueue.topLevelExec(Unknown Source)
	at java.base/java.util.concurrent.ForkJoinPool.scan(Unknown Source)
	at java.base/java.util.concurrent.ForkJoinPool.runWorker(Unknown Source)
	at java.base/java.util.concurrent.ForkJoinWorkerThread.run(Unknown Source)

[Error - 6:54:27 PM] Apr 17, 2023, 6:54:27 PM BadLocationException
null
org.eclipse.jface.text.BadLocationException
	at org.eclipse.jface.text.ListLineTracker.getLineOffset(ListLineTracker.java:197)
	at org.eclipse.jface.text.AbstractLineTracker.getLineOffset(AbstractLineTracker.java:252)
	at org.eclipse.jface.text.AbstractDocument.getLineOffset(AbstractDocument.java:877)
	at org.eclipse.jdt.ls.core.internal.handlers.JsonRpcHelpers.toOffset(JsonRpcHelpers.java:85)
	at org.eclipse.jdt.ls.core.internal.handlers.JsonRpcHelpers.toOffset(JsonRpcHelpers.java:69)
	at org.eclipse.jdt.ls.core.internal.handlers.InlayHintsHandler.inlayHint(InlayHintsHandler.java:78)
	at org.eclipse.jdt.ls.core.internal.handlers.JDTLanguageServer.lambda$54(JDTLanguageServer.java:1105)
	at org.eclipse.jdt.ls.core.internal.BaseJDTLanguageServer.lambda$0(BaseJDTLanguageServer.java:87)
	at java.base/java.util.concurrent.CompletableFuture$UniApply.tryFire(Unknown Source)
	at java.base/java.util.concurrent.CompletableFuture$Completion.exec(Unknown Source)
	at java.base/java.util.concurrent.ForkJoinTask.doExec(Unknown Source)
	at java.base/java.util.concurrent.ForkJoinPool$WorkQueue.topLevelExec(Unknown Source)
	at java.base/java.util.concurrent.ForkJoinPool.scan(Unknown Source)
	at java.base/java.util.concurrent.ForkJoinPool.runWorker(Unknown Source)
	at java.base/java.util.concurrent.ForkJoinWorkerThread.run(Unknown Source)

[Error - 6:54:33 PM] Apr 17, 2023, 6:54:33 PM BadLocationException
null
org.eclipse.jface.text.BadLocationException
	at org.eclipse.jface.text.ListLineTracker.getLineOffset(ListLineTracker.java:197)
	at org.eclipse.jface.text.AbstractLineTracker.getLineOffset(AbstractLineTracker.java:252)
	at org.eclipse.jface.text.AbstractDocument.getLineOffset(AbstractDocument.java:877)
	at org.eclipse.jdt.ls.core.internal.handlers.JsonRpcHelpers.toOffset(JsonRpcHelpers.java:85)
	at org.eclipse.jdt.ls.core.internal.handlers.JsonRpcHelpers.toOffset(JsonRpcHelpers.java:69)
	at org.eclipse.jdt.ls.core.internal.handlers.InlayHintsHandler.inlayHint(InlayHintsHandler.java:78)
	at org.eclipse.jdt.ls.core.internal.handlers.JDTLanguageServer.lambda$54(JDTLanguageServer.java:1105)
	at org.eclipse.jdt.ls.core.internal.BaseJDTLanguageServer.lambda$0(BaseJDTLanguageServer.java:87)
	at java.base/java.util.concurrent.CompletableFuture$UniApply.tryFire(Unknown Source)
	at java.base/java.util.concurrent.CompletableFuture$Completion.exec(Unknown Source)
	at java.base/java.util.concurrent.ForkJoinTask.doExec(Unknown Source)
	at java.base/java.util.concurrent.ForkJoinPool$WorkQueue.topLevelExec(Unknown Source)
	at java.base/java.util.concurrent.ForkJoinPool.scan(Unknown Source)
	at java.base/java.util.concurrent.ForkJoinPool.runWorker(Unknown Source)
	at java.base/java.util.concurrent.ForkJoinWorkerThread.run(Unknown Source)

[Error - 6:54:35 PM] Apr 17, 2023, 6:54:35 PM BadLocationException
null
org.eclipse.jface.text.BadLocationException
	at org.eclipse.jface.text.ListLineTracker.getLineOffset(ListLineTracker.java:197)
	at org.eclipse.jface.text.AbstractLineTracker.getLineOffset(AbstractLineTracker.java:252)
	at org.eclipse.jface.text.AbstractDocument.getLineOffset(AbstractDocument.java:877)
	at org.eclipse.jdt.ls.core.internal.handlers.JsonRpcHelpers.toOffset(JsonRpcHelpers.java:85)
	at org.eclipse.jdt.ls.core.internal.handlers.JsonRpcHelpers.toOffset(JsonRpcHelpers.java:69)
	at org.eclipse.jdt.ls.core.internal.handlers.InlayHintsHandler.inlayHint(InlayHintsHandler.java:78)
	at org.eclipse.jdt.ls.core.internal.handlers.JDTLanguageServer.lambda$54(JDTLanguageServer.java:1105)
	at org.eclipse.jdt.ls.core.internal.BaseJDTLanguageServer.lambda$0(BaseJDTLanguageServer.java:87)
	at java.base/java.util.concurrent.CompletableFuture$UniApply.tryFire(Unknown Source)
	at java.base/java.util.concurrent.CompletableFuture$Completion.exec(Unknown Source)
	at java.base/java.util.concurrent.ForkJoinTask.doExec(Unknown Source)
	at java.base/java.util.concurrent.ForkJoinPool$WorkQueue.topLevelExec(Unknown Source)
	at java.base/java.util.concurrent.ForkJoinPool.scan(Unknown Source)
	at java.base/java.util.concurrent.ForkJoinPool.runWorker(Unknown Source)
	at java.base/java.util.concurrent.ForkJoinWorkerThread.run(Unknown Source)

[Error - 6:54:36 PM] Apr 17, 2023, 6:54:36 PM BadLocationException
null
org.eclipse.jface.text.BadLocationException
	at org.eclipse.jface.text.ListLineTracker.getLineOffset(ListLineTracker.java:197)
	at org.eclipse.jface.text.AbstractLineTracker.getLineOffset(AbstractLineTracker.java:252)
	at org.eclipse.jface.text.AbstractDocument.getLineOffset(AbstractDocument.java:877)
	at org.eclipse.jdt.ls.core.internal.handlers.JsonRpcHelpers.toOffset(JsonRpcHelpers.java:85)
	at org.eclipse.jdt.ls.core.internal.handlers.JsonRpcHelpers.toOffset(JsonRpcHelpers.java:69)
	at org.eclipse.jdt.ls.core.internal.handlers.InlayHintsHandler.inlayHint(InlayHintsHandler.java:78)
	at org.eclipse.jdt.ls.core.internal.handlers.JDTLanguageServer.lambda$54(JDTLanguageServer.java:1105)
	at org.eclipse.jdt.ls.core.internal.BaseJDTLanguageServer.lambda$0(BaseJDTLanguageServer.java:87)
	at java.base/java.util.concurrent.CompletableFuture$UniApply.tryFire(Unknown Source)
	at java.base/java.util.concurrent.CompletableFuture$Completion.exec(Unknown Source)
	at java.base/java.util.concurrent.ForkJoinTask.doExec(Unknown Source)
	at java.base/java.util.concurrent.ForkJoinPool$WorkQueue.topLevelExec(Unknown Source)
	at java.base/java.util.concurrent.ForkJoinPool.scan(Unknown Source)
	at java.base/java.util.concurrent.ForkJoinPool.runWorker(Unknown Source)
	at java.base/java.util.concurrent.ForkJoinWorkerThread.run(Unknown Source)

[Error - 6:54:37 PM] Apr 17, 2023, 6:54:37 PM BadLocationException
null
org.eclipse.jface.text.BadLocationException
	at org.eclipse.jface.text.ListLineTracker.getLineOffset(ListLineTracker.java:197)
	at org.eclipse.jface.text.AbstractLineTracker.getLineOffset(AbstractLineTracker.java:252)
	at org.eclipse.jface.text.AbstractDocument.getLineOffset(AbstractDocument.java:877)
	at org.eclipse.jdt.ls.core.internal.handlers.JsonRpcHelpers.toOffset(JsonRpcHelpers.java:85)
	at org.eclipse.jdt.ls.core.internal.handlers.JsonRpcHelpers.toOffset(JsonRpcHelpers.java:69)
	at org.eclipse.jdt.ls.core.internal.handlers.InlayHintsHandler.inlayHint(InlayHintsHandler.java:78)
	at org.eclipse.jdt.ls.core.internal.handlers.JDTLanguageServer.lambda$54(JDTLanguageServer.java:1105)
	at org.eclipse.jdt.ls.core.internal.BaseJDTLanguageServer.lambda$0(BaseJDTLanguageServer.java:87)
	at java.base/java.util.concurrent.CompletableFuture$UniApply.tryFire(Unknown Source)
	at java.base/java.util.concurrent.CompletableFuture$Completion.exec(Unknown Source)
	at java.base/java.util.concurrent.ForkJoinTask.doExec(Unknown Source)
	at java.base/java.util.concurrent.ForkJoinPool$WorkQueue.topLevelExec(Unknown Source)
	at java.base/java.util.concurrent.ForkJoinPool.scan(Unknown Source)
	at java.base/java.util.concurrent.ForkJoinPool.runWorker(Unknown Source)
	at java.base/java.util.concurrent.ForkJoinWorkerThread.run(Unknown Source)

[Error - 6:54:37 PM] Apr 17, 2023, 6:54:37 PM BadLocationException
null
org.eclipse.jface.text.BadLocationException
	at org.eclipse.jface.text.ListLineTracker.getLineOffset(ListLineTracker.java:197)
	at org.eclipse.jface.text.AbstractLineTracker.getLineOffset(AbstractLineTracker.java:252)
	at org.eclipse.jface.text.AbstractDocument.getLineOffset(AbstractDocument.java:877)
	at org.eclipse.jdt.ls.core.internal.handlers.JsonRpcHelpers.toOffset(JsonRpcHelpers.java:85)
	at org.eclipse.jdt.ls.core.internal.handlers.JsonRpcHelpers.toOffset(JsonRpcHelpers.java:69)
	at org.eclipse.jdt.ls.core.internal.handlers.InlayHintsHandler.inlayHint(InlayHintsHandler.java:78)
	at org.eclipse.jdt.ls.core.internal.handlers.JDTLanguageServer.lambda$54(JDTLanguageServer.java:1105)
	at org.eclipse.jdt.ls.core.internal.BaseJDTLanguageServer.lambda$0(BaseJDTLanguageServer.java:87)
	at java.base/java.util.concurrent.CompletableFuture$UniApply.tryFire(Unknown Source)
	at java.base/java.util.concurrent.CompletableFuture$Completion.exec(Unknown Source)
	at java.base/java.util.concurrent.ForkJoinTask.doExec(Unknown Source)
	at java.base/java.util.concurrent.ForkJoinPool$WorkQueue.topLevelExec(Unknown Source)
	at java.base/java.util.concurrent.ForkJoinPool.scan(Unknown Source)
	at java.base/java.util.concurrent.ForkJoinPool.runWorker(Unknown Source)
	at java.base/java.util.concurrent.ForkJoinWorkerThread.run(Unknown Source)

[Error - 6:54:37 PM] Apr 17, 2023, 6:54:37 PM BadLocationException
null
org.eclipse.jface.text.BadLocationException
	at org.eclipse.jface.text.ListLineTracker.getLineOffset(ListLineTracker.java:197)
	at org.eclipse.jface.text.AbstractLineTracker.getLineOffset(AbstractLineTracker.java:252)
	at org.eclipse.jface.text.AbstractDocument.getLineOffset(AbstractDocument.java:877)
	at org.eclipse.jdt.ls.core.internal.handlers.JsonRpcHelpers.toOffset(JsonRpcHelpers.java:85)
	at org.eclipse.jdt.ls.core.internal.handlers.JsonRpcHelpers.toOffset(JsonRpcHelpers.java:69)
	at org.eclipse.jdt.ls.core.internal.handlers.InlayHintsHandler.inlayHint(InlayHintsHandler.java:78)
	at org.eclipse.jdt.ls.core.internal.handlers.JDTLanguageServer.lambda$54(JDTLanguageServer.java:1105)
	at org.eclipse.jdt.ls.core.internal.BaseJDTLanguageServer.lambda$0(BaseJDTLanguageServer.java:87)
	at java.base/java.util.concurrent.CompletableFuture$UniApply.tryFire(Unknown Source)
	at java.base/java.util.concurrent.CompletableFuture$Completion.exec(Unknown Source)
	at java.base/java.util.concurrent.ForkJoinTask.doExec(Unknown Source)
	at java.base/java.util.concurrent.ForkJoinPool$WorkQueue.topLevelExec(Unknown Source)
	at java.base/java.util.concurrent.ForkJoinPool.scan(Unknown Source)
	at java.base/java.util.concurrent.ForkJoinPool.runWorker(Unknown Source)
	at java.base/java.util.concurrent.ForkJoinWorkerThread.run(Unknown Source)

[Error - 6:54:37 PM] Apr 17, 2023, 6:54:37 PM BadLocationException
null
org.eclipse.jface.text.BadLocationException
	at org.eclipse.jface.text.ListLineTracker.getLineOffset(ListLineTracker.java:197)
	at org.eclipse.jface.text.AbstractLineTracker.getLineOffset(AbstractLineTracker.java:252)
	at org.eclipse.jface.text.AbstractDocument.getLineOffset(AbstractDocument.java:877)
	at org.eclipse.jdt.ls.core.internal.handlers.JsonRpcHelpers.toOffset(JsonRpcHelpers.java:85)
	at org.eclipse.jdt.ls.core.internal.handlers.JsonRpcHelpers.toOffset(JsonRpcHelpers.java:69)
	at org.eclipse.jdt.ls.core.internal.handlers.InlayHintsHandler.inlayHint(InlayHintsHandler.java:78)
	at org.eclipse.jdt.ls.core.internal.handlers.JDTLanguageServer.lambda$54(JDTLanguageServer.java:1105)
	at org.eclipse.jdt.ls.core.internal.BaseJDTLanguageServer.lambda$0(BaseJDTLanguageServer.java:87)
	at java.base/java.util.concurrent.CompletableFuture$UniApply.tryFire(Unknown Source)
	at java.base/java.util.concurrent.CompletableFuture$Completion.exec(Unknown Source)
	at java.base/java.util.concurrent.ForkJoinTask.doExec(Unknown Source)
	at java.base/java.util.concurrent.ForkJoinPool$WorkQueue.topLevelExec(Unknown Source)
	at java.base/java.util.concurrent.ForkJoinPool.scan(Unknown Source)
	at java.base/java.util.concurrent.ForkJoinPool.runWorker(Unknown Source)
	at java.base/java.util.concurrent.ForkJoinWorkerThread.run(Unknown Source)

[Error - 6:54:37 PM] Apr 17, 2023, 6:54:37 PM BadLocationException
null
org.eclipse.jface.text.BadLocationException
	at org.eclipse.jface.text.ListLineTracker.getLineOffset(ListLineTracker.java:197)
	at org.eclipse.jface.text.AbstractLineTracker.getLineOffset(AbstractLineTracker.java:252)
	at org.eclipse.jface.text.AbstractDocument.getLineOffset(AbstractDocument.java:877)
	at org.eclipse.jdt.ls.core.internal.handlers.JsonRpcHelpers.toOffset(JsonRpcHelpers.java:85)
	at org.eclipse.jdt.ls.core.internal.handlers.JsonRpcHelpers.toOffset(JsonRpcHelpers.java:69)
	at org.eclipse.jdt.ls.core.internal.handlers.InlayHintsHandler.inlayHint(InlayHintsHandler.java:78)
	at org.eclipse.jdt.ls.core.internal.handlers.JDTLanguageServer.lambda$54(JDTLanguageServer.java:1105)
	at org.eclipse.jdt.ls.core.internal.BaseJDTLanguageServer.lambda$0(BaseJDTLanguageServer.java:87)
	at java.base/java.util.concurrent.CompletableFuture$UniApply.tryFire(Unknown Source)
	at java.base/java.util.concurrent.CompletableFuture$Completion.exec(Unknown Source)
	at java.base/java.util.concurrent.ForkJoinTask.doExec(Unknown Source)
	at java.base/java.util.concurrent.ForkJoinPool$WorkQueue.topLevelExec(Unknown Source)
	at java.base/java.util.concurrent.ForkJoinPool.scan(Unknown Source)
	at java.base/java.util.concurrent.ForkJoinPool.runWorker(Unknown Source)
	at java.base/java.util.concurrent.ForkJoinWorkerThread.run(Unknown Source)

[Error - 6:54:38 PM] Apr 17, 2023, 6:54:38 PM BadLocationException
null
org.eclipse.jface.text.BadLocationException
	at org.eclipse.jface.text.ListLineTracker.getLineOffset(ListLineTracker.java:197)
	at org.eclipse.jface.text.AbstractLineTracker.getLineOffset(AbstractLineTracker.java:252)
	at org.eclipse.jface.text.AbstractDocument.getLineOffset(AbstractDocument.java:877)
	at org.eclipse.jdt.ls.core.internal.handlers.JsonRpcHelpers.toOffset(JsonRpcHelpers.java:85)
	at org.eclipse.jdt.ls.core.internal.handlers.JsonRpcHelpers.toOffset(JsonRpcHelpers.java:69)
	at org.eclipse.jdt.ls.core.internal.handlers.InlayHintsHandler.inlayHint(InlayHintsHandler.java:78)
	at org.eclipse.jdt.ls.core.internal.handlers.JDTLanguageServer.lambda$54(JDTLanguageServer.java:1105)
	at org.eclipse.jdt.ls.core.internal.BaseJDTLanguageServer.lambda$0(BaseJDTLanguageServer.java:87)
	at java.base/java.util.concurrent.CompletableFuture$UniApply.tryFire(Unknown Source)
	at java.base/java.util.concurrent.CompletableFuture$Completion.exec(Unknown Source)
	at java.base/java.util.concurrent.ForkJoinTask.doExec(Unknown Source)
	at java.base/java.util.concurrent.ForkJoinPool$WorkQueue.topLevelExec(Unknown Source)
	at java.base/java.util.concurrent.ForkJoinPool.scan(Unknown Source)
	at java.base/java.util.concurrent.ForkJoinPool.runWorker(Unknown Source)
	at java.base/java.util.concurrent.ForkJoinWorkerThread.run(Unknown Source)

[Error - 6:54:38 PM] Apr 17, 2023, 6:54:38 PM BadLocationException
null
org.eclipse.jface.text.BadLocationException
	at org.eclipse.jface.text.ListLineTracker.getLineOffset(ListLineTracker.java:197)
	at org.eclipse.jface.text.AbstractLineTracker.getLineOffset(AbstractLineTracker.java:252)
	at org.eclipse.jface.text.AbstractDocument.getLineOffset(AbstractDocument.java:877)
	at org.eclipse.jdt.ls.core.internal.handlers.JsonRpcHelpers.toOffset(JsonRpcHelpers.java:85)
	at org.eclipse.jdt.ls.core.internal.handlers.JsonRpcHelpers.toOffset(JsonRpcHelpers.java:69)
	at org.eclipse.jdt.ls.core.internal.handlers.InlayHintsHandler.inlayHint(InlayHintsHandler.java:78)
	at org.eclipse.jdt.ls.core.internal.handlers.JDTLanguageServer.lambda$54(JDTLanguageServer.java:1105)
	at org.eclipse.jdt.ls.core.internal.BaseJDTLanguageServer.lambda$0(BaseJDTLanguageServer.java:87)
	at java.base/java.util.concurrent.CompletableFuture$UniApply.tryFire(Unknown Source)
	at java.base/java.util.concurrent.CompletableFuture$Completion.exec(Unknown Source)
	at java.base/java.util.concurrent.ForkJoinTask.doExec(Unknown Source)
	at java.base/java.util.concurrent.ForkJoinPool$WorkQueue.topLevelExec(Unknown Source)
	at java.base/java.util.concurrent.ForkJoinPool.scan(Unknown Source)
	at java.base/java.util.concurrent.ForkJoinPool.runWorker(Unknown Source)
	at java.base/java.util.concurrent.ForkJoinWorkerThread.run(Unknown Source)

[Error - 6:54:38 PM] Apr 17, 2023, 6:54:38 PM BadLocationException
null
org.eclipse.jface.text.BadLocationException
	at org.eclipse.jface.text.ListLineTracker.getLineOffset(ListLineTracker.java:197)
	at org.eclipse.jface.text.AbstractLineTracker.getLineOffset(AbstractLineTracker.java:252)
	at org.eclipse.jface.text.AbstractDocument.getLineOffset(AbstractDocument.java:877)
	at org.eclipse.jdt.ls.core.internal.handlers.JsonRpcHelpers.toOffset(JsonRpcHelpers.java:85)
	at org.eclipse.jdt.ls.core.internal.handlers.JsonRpcHelpers.toOffset(JsonRpcHelpers.java:69)
	at org.eclipse.jdt.ls.core.internal.handlers.InlayHintsHandler.inlayHint(InlayHintsHandler.java:78)
	at org.eclipse.jdt.ls.core.internal.handlers.JDTLanguageServer.lambda$54(JDTLanguageServer.java:1105)
	at org.eclipse.jdt.ls.core.internal.BaseJDTLanguageServer.lambda$0(BaseJDTLanguageServer.java:87)
	at java.base/java.util.concurrent.CompletableFuture$UniApply.tryFire(Unknown Source)
	at java.base/java.util.concurrent.CompletableFuture$Completion.exec(Unknown Source)
	at java.base/java.util.concurrent.ForkJoinTask.doExec(Unknown Source)
	at java.base/java.util.concurrent.ForkJoinPool$WorkQueue.topLevelExec(Unknown Source)
	at java.base/java.util.concurrent.ForkJoinPool.scan(Unknown Source)
	at java.base/java.util.concurrent.ForkJoinPool.runWorker(Unknown Source)
	at java.base/java.util.concurrent.ForkJoinWorkerThread.run(Unknown Source)

[Error - 6:54:38 PM] Apr 17, 2023, 6:54:38 PM BadLocationException
null
org.eclipse.jface.text.BadLocationException
	at org.eclipse.jface.text.ListLineTracker.getLineOffset(ListLineTracker.java:197)
	at org.eclipse.jface.text.AbstractLineTracker.getLineOffset(AbstractLineTracker.java:252)
	at org.eclipse.jface.text.AbstractDocument.getLineOffset(AbstractDocument.java:877)
	at org.eclipse.jdt.ls.core.internal.handlers.JsonRpcHelpers.toOffset(JsonRpcHelpers.java:85)
	at org.eclipse.jdt.ls.core.internal.handlers.JsonRpcHelpers.toOffset(JsonRpcHelpers.java:69)
	at org.eclipse.jdt.ls.core.internal.handlers.InlayHintsHandler.inlayHint(InlayHintsHandler.java:78)
	at org.eclipse.jdt.ls.core.internal.handlers.JDTLanguageServer.lambda$54(JDTLanguageServer.java:1105)
	at org.eclipse.jdt.ls.core.internal.BaseJDTLanguageServer.lambda$0(BaseJDTLanguageServer.java:87)
	at java.base/java.util.concurrent.CompletableFuture$UniApply.tryFire(Unknown Source)
	at java.base/java.util.concurrent.CompletableFuture$Completion.exec(Unknown Source)
	at java.base/java.util.concurrent.ForkJoinTask.doExec(Unknown Source)
	at java.base/java.util.concurrent.ForkJoinPool$WorkQueue.topLevelExec(Unknown Source)
	at java.base/java.util.concurrent.ForkJoinPool.scan(Unknown Source)
	at java.base/java.util.concurrent.ForkJoinPool.runWorker(Unknown Source)
	at java.base/java.util.concurrent.ForkJoinWorkerThread.run(Unknown Source)

[Error - 6:54:38 PM] Apr 17, 2023, 6:54:38 PM BadLocationException
null
org.eclipse.jface.text.BadLocationException
	at org.eclipse.jface.text.ListLineTracker.getLineOffset(ListLineTracker.java:197)
	at org.eclipse.jface.text.AbstractLineTracker.getLineOffset(AbstractLineTracker.java:252)
	at org.eclipse.jface.text.AbstractDocument.getLineOffset(AbstractDocument.java:877)
	at org.eclipse.jdt.ls.core.internal.handlers.JsonRpcHelpers.toOffset(JsonRpcHelpers.java:85)
	at org.eclipse.jdt.ls.core.internal.handlers.JsonRpcHelpers.toOffset(JsonRpcHelpers.java:69)
	at org.eclipse.jdt.ls.core.internal.handlers.InlayHintsHandler.inlayHint(InlayHintsHandler.java:78)
	at org.eclipse.jdt.ls.core.internal.handlers.JDTLanguageServer.lambda$54(JDTLanguageServer.java:1105)
	at org.eclipse.jdt.ls.core.internal.BaseJDTLanguageServer.lambda$0(BaseJDTLanguageServer.java:87)
	at java.base/java.util.concurrent.CompletableFuture$UniApply.tryFire(Unknown Source)
	at java.base/java.util.concurrent.CompletableFuture$Completion.exec(Unknown Source)
	at java.base/java.util.concurrent.ForkJoinTask.doExec(Unknown Source)
	at java.base/java.util.concurrent.ForkJoinPool$WorkQueue.topLevelExec(Unknown Source)
	at java.base/java.util.concurrent.ForkJoinPool.scan(Unknown Source)
	at java.base/java.util.concurrent.ForkJoinPool.runWorker(Unknown Source)
	at java.base/java.util.concurrent.ForkJoinWorkerThread.run(Unknown Source)

[Error - 6:54:39 PM] Apr 17, 2023, 6:54:39 PM BadLocationException
null
org.eclipse.jface.text.BadLocationException
	at org.eclipse.jface.text.ListLineTracker.getLineOffset(ListLineTracker.java:197)
	at org.eclipse.jface.text.AbstractLineTracker.getLineOffset(AbstractLineTracker.java:252)
	at org.eclipse.jface.text.AbstractDocument.getLineOffset(AbstractDocument.java:877)
	at org.eclipse.jdt.ls.core.internal.handlers.JsonRpcHelpers.toOffset(JsonRpcHelpers.java:85)
	at org.eclipse.jdt.ls.core.internal.handlers.JsonRpcHelpers.toOffset(JsonRpcHelpers.java:69)
	at org.eclipse.jdt.ls.core.internal.handlers.InlayHintsHandler.inlayHint(InlayHintsHandler.java:78)
	at org.eclipse.jdt.ls.core.internal.handlers.JDTLanguageServer.lambda$54(JDTLanguageServer.java:1105)
	at org.eclipse.jdt.ls.core.internal.BaseJDTLanguageServer.lambda$0(BaseJDTLanguageServer.java:87)
	at java.base/java.util.concurrent.CompletableFuture$UniApply.tryFire(Unknown Source)
	at java.base/java.util.concurrent.CompletableFuture$Completion.exec(Unknown Source)
	at java.base/java.util.concurrent.ForkJoinTask.doExec(Unknown Source)
	at java.base/java.util.concurrent.ForkJoinPool$WorkQueue.topLevelExec(Unknown Source)
	at java.base/java.util.concurrent.ForkJoinPool.scan(Unknown Source)
	at java.base/java.util.concurrent.ForkJoinPool.runWorker(Unknown Source)
	at java.base/java.util.concurrent.ForkJoinWorkerThread.run(Unknown Source)

[Error - 6:54:39 PM] Apr 17, 2023, 6:54:39 PM BadLocationException
null
org.eclipse.jface.text.BadLocationException
	at org.eclipse.jface.text.ListLineTracker.getLineOffset(ListLineTracker.java:197)
	at org.eclipse.jface.text.AbstractLineTracker.getLineOffset(AbstractLineTracker.java:252)
	at org.eclipse.jface.text.AbstractDocument.getLineOffset(AbstractDocument.java:877)
	at org.eclipse.jdt.ls.core.internal.handlers.JsonRpcHelpers.toOffset(JsonRpcHelpers.java:85)
	at org.eclipse.jdt.ls.core.internal.handlers.JsonRpcHelpers.toOffset(JsonRpcHelpers.java:69)
	at org.eclipse.jdt.ls.core.internal.handlers.InlayHintsHandler.inlayHint(InlayHintsHandler.java:78)
	at org.eclipse.jdt.ls.core.internal.handlers.JDTLanguageServer.lambda$54(JDTLanguageServer.java:1105)
	at org.eclipse.jdt.ls.core.internal.BaseJDTLanguageServer.lambda$0(BaseJDTLanguageServer.java:87)
	at java.base/java.util.concurrent.CompletableFuture$UniApply.tryFire(Unknown Source)
	at java.base/java.util.concurrent.CompletableFuture$Completion.exec(Unknown Source)
	at java.base/java.util.concurrent.ForkJoinTask.doExec(Unknown Source)
	at java.base/java.util.concurrent.ForkJoinPool$WorkQueue.topLevelExec(Unknown Source)
	at java.base/java.util.concurrent.ForkJoinPool.scan(Unknown Source)
	at java.base/java.util.concurrent.ForkJoinPool.runWorker(Unknown Source)
	at java.base/java.util.concurrent.ForkJoinWorkerThread.run(Unknown Source)

[Error - 6:54:39 PM] Apr 17, 2023, 6:54:39 PM BadLocationException
null
org.eclipse.jface.text.BadLocationException
	at org.eclipse.jface.text.ListLineTracker.getLineOffset(ListLineTracker.java:197)
	at org.eclipse.jface.text.AbstractLineTracker.getLineOffset(AbstractLineTracker.java:252)
	at org.eclipse.jface.text.AbstractDocument.getLineOffset(AbstractDocument.java:877)
	at org.eclipse.jdt.ls.core.internal.handlers.JsonRpcHelpers.toOffset(JsonRpcHelpers.java:85)
	at org.eclipse.jdt.ls.core.internal.handlers.JsonRpcHelpers.toOffset(JsonRpcHelpers.java:69)
	at org.eclipse.jdt.ls.core.internal.handlers.InlayHintsHandler.inlayHint(InlayHintsHandler.java:78)
	at org.eclipse.jdt.ls.core.internal.handlers.JDTLanguageServer.lambda$54(JDTLanguageServer.java:1105)
	at org.eclipse.jdt.ls.core.internal.BaseJDTLanguageServer.lambda$0(BaseJDTLanguageServer.java:87)
	at java.base/java.util.concurrent.CompletableFuture$UniApply.tryFire(Unknown Source)
	at java.base/java.util.concurrent.CompletableFuture$Completion.exec(Unknown Source)
	at java.base/java.util.concurrent.ForkJoinTask.doExec(Unknown Source)
	at java.base/java.util.concurrent.ForkJoinPool$WorkQueue.topLevelExec(Unknown Source)
	at java.base/java.util.concurrent.ForkJoinPool.scan(Unknown Source)
	at java.base/java.util.concurrent.ForkJoinPool.runWorker(Unknown Source)
	at java.base/java.util.concurrent.ForkJoinWorkerThread.run(Unknown Source)

[Error - 6:54:39 PM] Apr 17, 2023, 6:54:39 PM BadLocationException
null
org.eclipse.jface.text.BadLocationException
	at org.eclipse.jface.text.ListLineTracker.getLineOffset(ListLineTracker.java:197)
	at org.eclipse.jface.text.AbstractLineTracker.getLineOffset(AbstractLineTracker.java:252)
	at org.eclipse.jface.text.AbstractDocument.getLineOffset(AbstractDocument.java:877)
	at org.eclipse.jdt.ls.core.internal.handlers.JsonRpcHelpers.toOffset(JsonRpcHelpers.java:85)
	at org.eclipse.jdt.ls.core.internal.handlers.JsonRpcHelpers.toOffset(JsonRpcHelpers.java:69)
	at org.eclipse.jdt.ls.core.internal.handlers.InlayHintsHandler.inlayHint(InlayHintsHandler.java:78)
	at org.eclipse.jdt.ls.core.internal.handlers.JDTLanguageServer.lambda$54(JDTLanguageServer.java:1105)
	at org.eclipse.jdt.ls.core.internal.BaseJDTLanguageServer.lambda$0(BaseJDTLanguageServer.java:87)
	at java.base/java.util.concurrent.CompletableFuture$UniApply.tryFire(Unknown Source)
	at java.base/java.util.concurrent.CompletableFuture$Completion.exec(Unknown Source)
	at java.base/java.util.concurrent.ForkJoinTask.doExec(Unknown Source)
	at java.base/java.util.concurrent.ForkJoinPool$WorkQueue.topLevelExec(Unknown Source)
	at java.base/java.util.concurrent.ForkJoinPool.scan(Unknown Source)
	at java.base/java.util.concurrent.ForkJoinPool.runWorker(Unknown Source)
	at java.base/java.util.concurrent.ForkJoinWorkerThread.run(Unknown Source)

[Error - 6:54:40 PM] Apr 17, 2023, 6:54:40 PM BadLocationException
null
org.eclipse.jface.text.BadLocationException
	at org.eclipse.jface.text.ListLineTracker.getLineOffset(ListLineTracker.java:197)
	at org.eclipse.jface.text.AbstractLineTracker.getLineOffset(AbstractLineTracker.java:252)
	at org.eclipse.jface.text.AbstractDocument.getLineOffset(AbstractDocument.java:877)
	at org.eclipse.jdt.ls.core.internal.handlers.JsonRpcHelpers.toOffset(JsonRpcHelpers.java:85)
	at org.eclipse.jdt.ls.core.internal.handlers.JsonRpcHelpers.toOffset(JsonRpcHelpers.java:69)
	at org.eclipse.jdt.ls.core.internal.handlers.InlayHintsHandler.inlayHint(InlayHintsHandler.java:78)
	at org.eclipse.jdt.ls.core.internal.handlers.JDTLanguageServer.lambda$54(JDTLanguageServer.java:1105)
	at org.eclipse.jdt.ls.core.internal.BaseJDTLanguageServer.lambda$0(BaseJDTLanguageServer.java:87)
	at java.base/java.util.concurrent.CompletableFuture$UniApply.tryFire(Unknown Source)
	at java.base/java.util.concurrent.CompletableFuture$Completion.exec(Unknown Source)
	at java.base/java.util.concurrent.ForkJoinTask.doExec(Unknown Source)
	at java.base/java.util.concurrent.ForkJoinPool$WorkQueue.topLevelExec(Unknown Source)
	at java.base/java.util.concurrent.ForkJoinPool.scan(Unknown Source)
	at java.base/java.util.concurrent.ForkJoinPool.runWorker(Unknown Source)
	at java.base/java.util.concurrent.ForkJoinWorkerThread.run(Unknown Source)

[Error - 6:54:40 PM] Apr 17, 2023, 6:54:40 PM BadLocationException
null
org.eclipse.jface.text.BadLocationException
	at org.eclipse.jface.text.ListLineTracker.getLineOffset(ListLineTracker.java:197)
	at org.eclipse.jface.text.AbstractLineTracker.getLineOffset(AbstractLineTracker.java:252)
	at org.eclipse.jface.text.AbstractDocument.getLineOffset(AbstractDocument.java:877)
	at org.eclipse.jdt.ls.core.internal.handlers.JsonRpcHelpers.toOffset(JsonRpcHelpers.java:85)
	at org.eclipse.jdt.ls.core.internal.handlers.JsonRpcHelpers.toOffset(JsonRpcHelpers.java:69)
	at org.eclipse.jdt.ls.core.internal.handlers.InlayHintsHandler.inlayHint(InlayHintsHandler.java:78)
	at org.eclipse.jdt.ls.core.internal.handlers.JDTLanguageServer.lambda$54(JDTLanguageServer.java:1105)
	at org.eclipse.jdt.ls.core.internal.BaseJDTLanguageServer.lambda$0(BaseJDTLanguageServer.java:87)
	at java.base/java.util.concurrent.CompletableFuture$UniApply.tryFire(Unknown Source)
	at java.base/java.util.concurrent.CompletableFuture$Completion.exec(Unknown Source)
	at java.base/java.util.concurrent.ForkJoinTask.doExec(Unknown Source)
	at java.base/java.util.concurrent.ForkJoinPool$WorkQueue.topLevelExec(Unknown Source)
	at java.base/java.util.concurrent.ForkJoinPool.scan(Unknown Source)
	at java.base/java.util.concurrent.ForkJoinPool.runWorker(Unknown Source)
	at java.base/java.util.concurrent.ForkJoinWorkerThread.run(Unknown Source)

[Error - 6:54:40 PM] Apr 17, 2023, 6:54:40 PM BadLocationException
null
org.eclipse.jface.text.BadLocationException
	at org.eclipse.jface.text.ListLineTracker.getLineOffset(ListLineTracker.java:197)
	at org.eclipse.jface.text.AbstractLineTracker.getLineOffset(AbstractLineTracker.java:252)
	at org.eclipse.jface.text.AbstractDocument.getLineOffset(AbstractDocument.java:877)
	at org.eclipse.jdt.ls.core.internal.handlers.JsonRpcHelpers.toOffset(JsonRpcHelpers.java:85)
	at org.eclipse.jdt.ls.core.internal.handlers.JsonRpcHelpers.toOffset(JsonRpcHelpers.java:69)
	at org.eclipse.jdt.ls.core.internal.handlers.InlayHintsHandler.inlayHint(InlayHintsHandler.java:78)
	at org.eclipse.jdt.ls.core.internal.handlers.JDTLanguageServer.lambda$54(JDTLanguageServer.java:1105)
	at org.eclipse.jdt.ls.core.internal.BaseJDTLanguageServer.lambda$0(BaseJDTLanguageServer.java:87)
	at java.base/java.util.concurrent.CompletableFuture$UniApply.tryFire(Unknown Source)
	at java.base/java.util.concurrent.CompletableFuture$Completion.exec(Unknown Source)
	at java.base/java.util.concurrent.ForkJoinTask.doExec(Unknown Source)
	at java.base/java.util.concurrent.ForkJoinPool$WorkQueue.topLevelExec(Unknown Source)
	at java.base/java.util.concurrent.ForkJoinPool.scan(Unknown Source)
	at java.base/java.util.concurrent.ForkJoinPool.runWorker(Unknown Source)
	at java.base/java.util.concurrent.ForkJoinWorkerThread.run(Unknown Source)

[Error - 6:54:41 PM] Apr 17, 2023, 6:54:41 PM BadLocationException
null
org.eclipse.jface.text.BadLocationException
	at org.eclipse.jface.text.ListLineTracker.getLineOffset(ListLineTracker.java:197)
	at org.eclipse.jface.text.AbstractLineTracker.getLineOffset(AbstractLineTracker.java:252)
	at org.eclipse.jface.text.AbstractDocument.getLineOffset(AbstractDocument.java:877)
	at org.eclipse.jdt.ls.core.internal.handlers.JsonRpcHelpers.toOffset(JsonRpcHelpers.java:85)
	at org.eclipse.jdt.ls.core.internal.handlers.JsonRpcHelpers.toOffset(JsonRpcHelpers.java:69)
	at org.eclipse.jdt.ls.core.internal.handlers.InlayHintsHandler.inlayHint(InlayHintsHandler.java:78)
	at org.eclipse.jdt.ls.core.internal.handlers.JDTLanguageServer.lambda$54(JDTLanguageServer.java:1105)
	at org.eclipse.jdt.ls.core.internal.BaseJDTLanguageServer.lambda$0(BaseJDTLanguageServer.java:87)
	at java.base/java.util.concurrent.CompletableFuture$UniApply.tryFire(Unknown Source)
	at java.base/java.util.concurrent.CompletableFuture$Completion.exec(Unknown Source)
	at java.base/java.util.concurrent.ForkJoinTask.doExec(Unknown Source)
	at java.base/java.util.concurrent.ForkJoinPool$WorkQueue.topLevelExec(Unknown Source)
	at java.base/java.util.concurrent.ForkJoinPool.scan(Unknown Source)
	at java.base/java.util.concurrent.ForkJoinPool.runWorker(Unknown Source)
	at java.base/java.util.concurrent.ForkJoinWorkerThread.run(Unknown Source)

[Error - 6:54:44 PM] Apr 17, 2023, 6:54:44 PM BadLocationException
null
org.eclipse.jface.text.BadLocationException
	at org.eclipse.jface.text.ListLineTracker.getLineOffset(ListLineTracker.java:197)
	at org.eclipse.jface.text.AbstractLineTracker.getLineOffset(AbstractLineTracker.java:252)
	at org.eclipse.jface.text.AbstractDocument.getLineOffset(AbstractDocument.java:877)
	at org.eclipse.jdt.ls.core.internal.handlers.JsonRpcHelpers.toOffset(JsonRpcHelpers.java:85)
	at org.eclipse.jdt.ls.core.internal.handlers.JsonRpcHelpers.toOffset(JsonRpcHelpers.java:69)
	at org.eclipse.jdt.ls.core.internal.JDTUtils.findElementsAtSelection(JDTUtils.java:992)
	at org.eclipse.jdt.ls.core.internal.HoverInfoProvider.computeHover(HoverInfoProvider.java:102)
	at org.eclipse.jdt.ls.core.internal.handlers.HoverHandler.computeHover(HoverHandler.java:57)
	at org.eclipse.jdt.ls.core.internal.handlers.HoverHandler.hover(HoverHandler.java:43)
	at org.eclipse.jdt.ls.core.internal.handlers.JDTLanguageServer.lambda$7(JDTLanguageServer.java:624)
	at org.eclipse.jdt.ls.core.internal.BaseJDTLanguageServer.lambda$0(BaseJDTLanguageServer.java:87)
	at java.base/java.util.concurrent.CompletableFuture$UniApply.tryFire(Unknown Source)
	at java.base/java.util.concurrent.CompletableFuture$Completion.exec(Unknown Source)
	at java.base/java.util.concurrent.ForkJoinTask.doExec(Unknown Source)
	at java.base/java.util.concurrent.ForkJoinPool$WorkQueue.topLevelExec(Unknown Source)
	at java.base/java.util.concurrent.ForkJoinPool.scan(Unknown Source)
	at java.base/java.util.concurrent.ForkJoinPool.runWorker(Unknown Source)
	at java.base/java.util.concurrent.ForkJoinWorkerThread.run(Unknown Source)

[Error - 6:54:44 PM] Apr 17, 2023, 6:54:44 PM BadLocationException
null
org.eclipse.jface.text.BadLocationException
	at org.eclipse.jface.text.ListLineTracker.getLineOffset(ListLineTracker.java:197)
	at org.eclipse.jface.text.AbstractLineTracker.getLineOffset(AbstractLineTracker.java:252)
	at org.eclipse.jface.text.AbstractDocument.getLineOffset(AbstractDocument.java:877)
	at org.eclipse.jdt.ls.core.internal.handlers.JsonRpcHelpers.toOffset(JsonRpcHelpers.java:85)
	at org.eclipse.jdt.ls.core.internal.handlers.JsonRpcHelpers.toOffset(JsonRpcHelpers.java:69)
	at org.eclipse.jdt.ls.core.internal.JDTUtils.findElementsAtSelection(JDTUtils.java:992)
	at org.eclipse.jdt.ls.core.internal.JDTUtils.findElementAtSelection(JDTUtils.java:978)
	at org.eclipse.jdt.ls.core.internal.handlers.FindLinksHandler.findLinks(FindLinksHandler.java:46)
	at org.eclipse.jdt.ls.core.internal.handlers.JDTLanguageServer.lambda$12(JDTLanguageServer.java:676)
	at org.eclipse.jdt.ls.core.internal.BaseJDTLanguageServer.lambda$0(BaseJDTLanguageServer.java:87)
	at java.base/java.util.concurrent.CompletableFuture$UniApply.tryFire(Unknown Source)
	at java.base/java.util.concurrent.CompletableFuture$Completion.exec(Unknown Source)
	at java.base/java.util.concurrent.ForkJoinTask.doExec(Unknown Source)
	at java.base/java.util.concurrent.ForkJoinPool$WorkQueue.topLevelExec(Unknown Source)
	at java.base/java.util.concurrent.ForkJoinPool.scan(Unknown Source)
	at java.base/java.util.concurrent.ForkJoinPool.runWorker(Unknown Source)
	at java.base/java.util.concurrent.ForkJoinWorkerThread.run(Unknown Source)

[Error - 6:54:44 PM] Apr 17, 2023, 6:54:44 PM BadLocationException
null
org.eclipse.jface.text.BadLocationException
	at org.eclipse.jface.text.ListLineTracker.getLineOffset(ListLineTracker.java:197)
	at org.eclipse.jface.text.AbstractLineTracker.getLineOffset(AbstractLineTracker.java:252)
	at org.eclipse.jface.text.AbstractDocument.getLineOffset(AbstractDocument.java:877)
	at org.eclipse.jdt.ls.core.internal.handlers.JsonRpcHelpers.toOffset(JsonRpcHelpers.java:85)
	at org.eclipse.jdt.ls.core.internal.handlers.JsonRpcHelpers.toOffset(JsonRpcHelpers.java:69)
	at org.eclipse.jdt.ls.core.internal.handlers.InlayHintsHandler.inlayHint(InlayHintsHandler.java:78)
	at org.eclipse.jdt.ls.core.internal.handlers.JDTLanguageServer.lambda$54(JDTLanguageServer.java:1105)
	at org.eclipse.jdt.ls.core.internal.BaseJDTLanguageServer.lambda$0(BaseJDTLanguageServer.java:87)
	at java.base/java.util.concurrent.CompletableFuture$UniApply.tryFire(Unknown Source)
	at java.base/java.util.concurrent.CompletableFuture$Completion.exec(Unknown Source)
	at java.base/java.util.concurrent.ForkJoinTask.doExec(Unknown Source)
	at java.base/java.util.concurrent.ForkJoinPool$WorkQueue.topLevelExec(Unknown Source)
	at java.base/java.util.concurrent.ForkJoinPool.scan(Unknown Source)
	at java.base/java.util.concurrent.ForkJoinPool.runWorker(Unknown Source)
	at java.base/java.util.concurrent.ForkJoinWorkerThread.run(Unknown Source)

[Error - 6:54:45 PM] Apr 17, 2023, 6:54:45 PM BadLocationException
null
org.eclipse.jface.text.BadLocationException
	at org.eclipse.jface.text.ListLineTracker.getLineOffset(ListLineTracker.java:197)
	at org.eclipse.jface.text.AbstractLineTracker.getLineOffset(AbstractLineTracker.java:252)
	at org.eclipse.jface.text.AbstractDocument.getLineOffset(AbstractDocument.java:877)
	at org.eclipse.jdt.ls.core.internal.handlers.JsonRpcHelpers.toOffset(JsonRpcHelpers.java:85)
	at org.eclipse.jdt.ls.core.internal.handlers.JsonRpcHelpers.toOffset(JsonRpcHelpers.java:69)
	at org.eclipse.jdt.ls.core.internal.handlers.InlayHintsHandler.inlayHint(InlayHintsHandler.java:78)
	at org.eclipse.jdt.ls.core.internal.handlers.JDTLanguageServer.lambda$54(JDTLanguageServer.java:1105)
	at org.eclipse.jdt.ls.core.internal.BaseJDTLanguageServer.lambda$0(BaseJDTLanguageServer.java:87)
	at java.base/java.util.concurrent.CompletableFuture$UniApply.tryFire(Unknown Source)
	at java.base/java.util.concurrent.CompletableFuture$Completion.exec(Unknown Source)
	at java.base/java.util.concurrent.ForkJoinTask.doExec(Unknown Source)
	at java.base/java.util.concurrent.ForkJoinPool$WorkQueue.topLevelExec(Unknown Source)
	at java.base/java.util.concurrent.ForkJoinPool.scan(Unknown Source)
	at java.base/java.util.concurrent.ForkJoinPool.runWorker(Unknown Source)
	at java.base/java.util.concurrent.ForkJoinWorkerThread.run(Unknown Source)

[Error - 6:54:48 PM] Apr 17, 2023, 6:54:48 PM BadLocationException
null
org.eclipse.jface.text.BadLocationException
	at org.eclipse.jface.text.ListLineTracker.getLineOffset(ListLineTracker.java:197)
	at org.eclipse.jface.text.AbstractLineTracker.getLineOffset(AbstractLineTracker.java:252)
	at org.eclipse.jface.text.AbstractDocument.getLineOffset(AbstractDocument.java:877)
	at org.eclipse.jdt.ls.core.internal.handlers.JsonRpcHelpers.toOffset(JsonRpcHelpers.java:85)
	at org.eclipse.jdt.ls.core.internal.handlers.JsonRpcHelpers.toOffset(JsonRpcHelpers.java:69)
	at org.eclipse.jdt.ls.core.internal.handlers.InlayHintsHandler.inlayHint(InlayHintsHandler.java:78)
	at org.eclipse.jdt.ls.core.internal.handlers.JDTLanguageServer.lambda$54(JDTLanguageServer.java:1105)
	at org.eclipse.jdt.ls.core.internal.BaseJDTLanguageServer.lambda$0(BaseJDTLanguageServer.java:87)
	at java.base/java.util.concurrent.CompletableFuture$UniApply.tryFire(Unknown Source)
	at java.base/java.util.concurrent.CompletableFuture$Completion.exec(Unknown Source)
	at java.base/java.util.concurrent.ForkJoinTask.doExec(Unknown Source)
	at java.base/java.util.concurrent.ForkJoinPool$WorkQueue.topLevelExec(Unknown Source)
	at java.base/java.util.concurrent.ForkJoinPool.scan(Unknown Source)
	at java.base/java.util.concurrent.ForkJoinPool.runWorker(Unknown Source)
	at java.base/java.util.concurrent.ForkJoinWorkerThread.run(Unknown Source)

[Error - 6:54:48 PM] Apr 17, 2023, 6:54:48 PM BadLocationException
null
org.eclipse.jface.text.BadLocationException
	at org.eclipse.jface.text.ListLineTracker.getLineOffset(ListLineTracker.java:197)
	at org.eclipse.jface.text.AbstractLineTracker.getLineOffset(AbstractLineTracker.java:252)
	at org.eclipse.jface.text.AbstractDocument.getLineOffset(AbstractDocument.java:877)
	at org.eclipse.jdt.ls.core.internal.handlers.JsonRpcHelpers.toOffset(JsonRpcHelpers.java:85)
	at org.eclipse.jdt.ls.core.internal.handlers.JsonRpcHelpers.toOffset(JsonRpcHelpers.java:69)
	at org.eclipse.jdt.ls.core.internal.handlers.InlayHintsHandler.inlayHint(InlayHintsHandler.java:78)
	at org.eclipse.jdt.ls.core.internal.handlers.JDTLanguageServer.lambda$54(JDTLanguageServer.java:1105)
	at org.eclipse.jdt.ls.core.internal.BaseJDTLanguageServer.lambda$0(BaseJDTLanguageServer.java:87)
	at java.base/java.util.concurrent.CompletableFuture$UniApply.tryFire(Unknown Source)
	at java.base/java.util.concurrent.CompletableFuture$Completion.exec(Unknown Source)
	at java.base/java.util.concurrent.ForkJoinTask.doExec(Unknown Source)
	at java.base/java.util.concurrent.ForkJoinPool$WorkQueue.topLevelExec(Unknown Source)
	at java.base/java.util.concurrent.ForkJoinPool.scan(Unknown Source)
	at java.base/java.util.concurrent.ForkJoinPool.runWorker(Unknown Source)
	at java.base/java.util.concurrent.ForkJoinWorkerThread.run(Unknown Source)

[Error - 6:54:51 PM] Apr 17, 2023, 6:54:51 PM BadLocationException
null
org.eclipse.jface.text.BadLocationException
	at org.eclipse.jface.text.ListLineTracker.getLineOffset(ListLineTracker.java:197)
	at org.eclipse.jface.text.AbstractLineTracker.getLineOffset(AbstractLineTracker.java:252)
	at org.eclipse.jface.text.AbstractDocument.getLineOffset(AbstractDocument.java:877)
	at org.eclipse.jdt.ls.core.internal.handlers.JsonRpcHelpers.toOffset(JsonRpcHelpers.java:85)
	at org.eclipse.jdt.ls.core.internal.handlers.JsonRpcHelpers.toOffset(JsonRpcHelpers.java:69)
	at org.eclipse.jdt.ls.core.internal.handlers.InlayHintsHandler.inlayHint(InlayHintsHandler.java:78)
	at org.eclipse.jdt.ls.core.internal.handlers.JDTLanguageServer.lambda$54(JDTLanguageServer.java:1105)
	at org.eclipse.jdt.ls.core.internal.BaseJDTLanguageServer.lambda$0(BaseJDTLanguageServer.java:87)
	at java.base/java.util.concurrent.CompletableFuture$UniApply.tryFire(Unknown Source)
	at java.base/java.util.concurrent.CompletableFuture$Completion.exec(Unknown Source)
	at java.base/java.util.concurrent.ForkJoinTask.doExec(Unknown Source)
	at java.base/java.util.concurrent.ForkJoinPool$WorkQueue.topLevelExec(Unknown Source)
	at java.base/java.util.concurrent.ForkJoinPool.scan(Unknown Source)
	at java.base/java.util.concurrent.ForkJoinPool.runWorker(Unknown Source)
	at java.base/java.util.concurrent.ForkJoinWorkerThread.run(Unknown Source)

[Error - 6:54:52 PM] Apr 17, 2023, 6:54:52 PM BadLocationException
null
org.eclipse.jface.text.BadLocationException
	at org.eclipse.jface.text.ListLineTracker.getLineOffset(ListLineTracker.java:197)
	at org.eclipse.jface.text.AbstractLineTracker.getLineOffset(AbstractLineTracker.java:252)
	at org.eclipse.jface.text.AbstractDocument.getLineOffset(AbstractDocument.java:877)
	at org.eclipse.jdt.ls.core.internal.handlers.JsonRpcHelpers.toOffset(JsonRpcHelpers.java:85)
	at org.eclipse.jdt.ls.core.internal.handlers.JsonRpcHelpers.toOffset(JsonRpcHelpers.java:69)
	at org.eclipse.jdt.ls.core.internal.handlers.InlayHintsHandler.inlayHint(InlayHintsHandler.java:78)
	at org.eclipse.jdt.ls.core.internal.handlers.JDTLanguageServer.lambda$54(JDTLanguageServer.java:1105)
	at org.eclipse.jdt.ls.core.internal.BaseJDTLanguageServer.lambda$0(BaseJDTLanguageServer.java:87)
	at java.base/java.util.concurrent.CompletableFuture$UniApply.tryFire(Unknown Source)
	at java.base/java.util.concurrent.CompletableFuture$Completion.exec(Unknown Source)
	at java.base/java.util.concurrent.ForkJoinTask.doExec(Unknown Source)
	at java.base/java.util.concurrent.ForkJoinPool$WorkQueue.topLevelExec(Unknown Source)
	at java.base/java.util.concurrent.ForkJoinPool.scan(Unknown Source)
	at java.base/java.util.concurrent.ForkJoinPool.runWorker(Unknown Source)
	at java.base/java.util.concurrent.ForkJoinWorkerThread.run(Unknown Source)

[Error - 6:54:52 PM] Apr 17, 2023, 6:54:52 PM BadLocationException
null
org.eclipse.jface.text.BadLocationException
	at org.eclipse.jface.text.ListLineTracker.getLineOffset(ListLineTracker.java:197)
	at org.eclipse.jface.text.AbstractLineTracker.getLineOffset(AbstractLineTracker.java:252)
	at org.eclipse.jface.text.AbstractDocument.getLineOffset(AbstractDocument.java:877)
	at org.eclipse.jdt.ls.core.internal.handlers.JsonRpcHelpers.toOffset(JsonRpcHelpers.java:85)
	at org.eclipse.jdt.ls.core.internal.handlers.JsonRpcHelpers.toOffset(JsonRpcHelpers.java:69)
	at org.eclipse.jdt.ls.core.internal.handlers.InlayHintsHandler.inlayHint(InlayHintsHandler.java:78)
	at org.eclipse.jdt.ls.core.internal.handlers.JDTLanguageServer.lambda$54(JDTLanguageServer.java:1105)
	at org.eclipse.jdt.ls.core.internal.BaseJDTLanguageServer.lambda$0(BaseJDTLanguageServer.java:87)
	at java.base/java.util.concurrent.CompletableFuture$UniApply.tryFire(Unknown Source)
	at java.base/java.util.concurrent.CompletableFuture$Completion.exec(Unknown Source)
	at java.base/java.util.concurrent.ForkJoinTask.doExec(Unknown Source)
	at java.base/java.util.concurrent.ForkJoinPool$WorkQueue.topLevelExec(Unknown Source)
	at java.base/java.util.concurrent.ForkJoinPool.scan(Unknown Source)
	at java.base/java.util.concurrent.ForkJoinPool.runWorker(Unknown Source)
	at java.base/java.util.concurrent.ForkJoinWorkerThread.run(Unknown Source)

[Error - 6:54:52 PM] Apr 17, 2023, 6:54:52 PM BadLocationException
null
org.eclipse.jface.text.BadLocationException
	at org.eclipse.jface.text.ListLineTracker.getLineOffset(ListLineTracker.java:197)
	at org.eclipse.jface.text.AbstractLineTracker.getLineOffset(AbstractLineTracker.java:252)
	at org.eclipse.jface.text.AbstractDocument.getLineOffset(AbstractDocument.java:877)
	at org.eclipse.jdt.ls.core.internal.handlers.JsonRpcHelpers.toOffset(JsonRpcHelpers.java:85)
	at org.eclipse.jdt.ls.core.internal.handlers.JsonRpcHelpers.toOffset(JsonRpcHelpers.java:69)
	at org.eclipse.jdt.ls.core.internal.handlers.InlayHintsHandler.inlayHint(InlayHintsHandler.java:78)
	at org.eclipse.jdt.ls.core.internal.handlers.JDTLanguageServer.lambda$54(JDTLanguageServer.java:1105)
	at org.eclipse.jdt.ls.core.internal.BaseJDTLanguageServer.lambda$0(BaseJDTLanguageServer.java:87)
	at java.base/java.util.concurrent.CompletableFuture$UniApply.tryFire(Unknown Source)
	at java.base/java.util.concurrent.CompletableFuture$Completion.exec(Unknown Source)
	at java.base/java.util.concurrent.ForkJoinTask.doExec(Unknown Source)
	at java.base/java.util.concurrent.ForkJoinPool$WorkQueue.topLevelExec(Unknown Source)
	at java.base/java.util.concurrent.ForkJoinPool.scan(Unknown Source)
	at java.base/java.util.concurrent.ForkJoinPool.runWorker(Unknown Source)
	at java.base/java.util.concurrent.ForkJoinWorkerThread.run(Unknown Source)

[Error - 6:54:52 PM] Apr 17, 2023, 6:54:52 PM BadLocationException
null
org.eclipse.jface.text.BadLocationException
	at org.eclipse.jface.text.ListLineTracker.getLineOffset(ListLineTracker.java:197)
	at org.eclipse.jface.text.AbstractLineTracker.getLineOffset(AbstractLineTracker.java:252)
	at org.eclipse.jface.text.AbstractDocument.getLineOffset(AbstractDocument.java:877)
	at org.eclipse.jdt.ls.core.internal.handlers.JsonRpcHelpers.toOffset(JsonRpcHelpers.java:85)
	at org.eclipse.jdt.ls.core.internal.handlers.JsonRpcHelpers.toOffset(JsonRpcHelpers.java:69)
	at org.eclipse.jdt.ls.core.internal.handlers.InlayHintsHandler.inlayHint(InlayHintsHandler.java:78)
	at org.eclipse.jdt.ls.core.internal.handlers.JDTLanguageServer.lambda$54(JDTLanguageServer.java:1105)
	at org.eclipse.jdt.ls.core.internal.BaseJDTLanguageServer.lambda$0(BaseJDTLanguageServer.java:87)
	at java.base/java.util.concurrent.CompletableFuture$UniApply.tryFire(Unknown Source)
	at java.base/java.util.concurrent.CompletableFuture$Completion.exec(Unknown Source)
	at java.base/java.util.concurrent.ForkJoinTask.doExec(Unknown Source)
	at java.base/java.util.concurrent.ForkJoinPool$WorkQueue.topLevelExec(Unknown Source)
	at java.base/java.util.concurrent.ForkJoinPool.scan(Unknown Source)
	at java.base/java.util.concurrent.ForkJoinPool.runWorker(Unknown Source)
	at java.base/java.util.concurrent.ForkJoinWorkerThread.run(Unknown Source)

[Error - 6:54:52 PM] Apr 17, 2023, 6:54:52 PM BadLocationException
null
org.eclipse.jface.text.BadLocationException
	at org.eclipse.jface.text.ListLineTracker.getLineOffset(ListLineTracker.java:197)
	at org.eclipse.jface.text.AbstractLineTracker.getLineOffset(AbstractLineTracker.java:252)
	at org.eclipse.jface.text.AbstractDocument.getLineOffset(AbstractDocument.java:877)
	at org.eclipse.jdt.ls.core.internal.handlers.JsonRpcHelpers.toOffset(JsonRpcHelpers.java:85)
	at org.eclipse.jdt.ls.core.internal.handlers.JsonRpcHelpers.toOffset(JsonRpcHelpers.java:69)
	at org.eclipse.jdt.ls.core.internal.handlers.InlayHintsHandler.inlayHint(InlayHintsHandler.java:78)
	at org.eclipse.jdt.ls.core.internal.handlers.JDTLanguageServer.lambda$54(JDTLanguageServer.java:1105)
	at org.eclipse.jdt.ls.core.internal.BaseJDTLanguageServer.lambda$0(BaseJDTLanguageServer.java:87)
	at java.base/java.util.concurrent.CompletableFuture$UniApply.tryFire(Unknown Source)
	at java.base/java.util.concurrent.CompletableFuture$Completion.exec(Unknown Source)
	at java.base/java.util.concurrent.ForkJoinTask.doExec(Unknown Source)
	at java.base/java.util.concurrent.ForkJoinPool$WorkQueue.topLevelExec(Unknown Source)
	at java.base/java.util.concurrent.ForkJoinPool.scan(Unknown Source)
	at java.base/java.util.concurrent.ForkJoinPool.runWorker(Unknown Source)
	at java.base/java.util.concurrent.ForkJoinWorkerThread.run(Unknown Source)

[Error - 6:54:52 PM] Apr 17, 2023, 6:54:52 PM BadLocationException
null
org.eclipse.jface.text.BadLocationException
	at org.eclipse.jface.text.ListLineTracker.getLineOffset(ListLineTracker.java:197)
	at org.eclipse.jface.text.AbstractLineTracker.getLineOffset(AbstractLineTracker.java:252)
	at org.eclipse.jface.text.AbstractDocument.getLineOffset(AbstractDocument.java:877)
	at org.eclipse.jdt.ls.core.internal.handlers.JsonRpcHelpers.toOffset(JsonRpcHelpers.java:85)
	at org.eclipse.jdt.ls.core.internal.handlers.JsonRpcHelpers.toOffset(JsonRpcHelpers.java:69)
	at org.eclipse.jdt.ls.core.internal.handlers.InlayHintsHandler.inlayHint(InlayHintsHandler.java:78)
	at org.eclipse.jdt.ls.core.internal.handlers.JDTLanguageServer.lambda$54(JDTLanguageServer.java:1105)
	at org.eclipse.jdt.ls.core.internal.BaseJDTLanguageServer.lambda$0(BaseJDTLanguageServer.java:87)
	at java.base/java.util.concurrent.CompletableFuture$UniApply.tryFire(Unknown Source)
	at java.base/java.util.concurrent.CompletableFuture$Completion.exec(Unknown Source)
	at java.base/java.util.concurrent.ForkJoinTask.doExec(Unknown Source)
	at java.base/java.util.concurrent.ForkJoinPool$WorkQueue.topLevelExec(Unknown Source)
	at java.base/java.util.concurrent.ForkJoinPool.scan(Unknown Source)
	at java.base/java.util.concurrent.ForkJoinPool.runWorker(Unknown Source)
	at java.base/java.util.concurrent.ForkJoinWorkerThread.run(Unknown Source)

[Error - 6:54:52 PM] Apr 17, 2023, 6:54:52 PM BadLocationException
null
org.eclipse.jface.text.BadLocationException
	at org.eclipse.jface.text.ListLineTracker.getLineOffset(ListLineTracker.java:197)
	at org.eclipse.jface.text.AbstractLineTracker.getLineOffset(AbstractLineTracker.java:252)
	at org.eclipse.jface.text.AbstractDocument.getLineOffset(AbstractDocument.java:877)
	at org.eclipse.jdt.ls.core.internal.handlers.JsonRpcHelpers.toOffset(JsonRpcHelpers.java:85)
	at org.eclipse.jdt.ls.core.internal.handlers.JsonRpcHelpers.toOffset(JsonRpcHelpers.java:69)
	at org.eclipse.jdt.ls.core.internal.handlers.InlayHintsHandler.inlayHint(InlayHintsHandler.java:78)
	at org.eclipse.jdt.ls.core.internal.handlers.JDTLanguageServer.lambda$54(JDTLanguageServer.java:1105)
	at org.eclipse.jdt.ls.core.internal.BaseJDTLanguageServer.lambda$0(BaseJDTLanguageServer.java:87)
	at java.base/java.util.concurrent.CompletableFuture$UniApply.tryFire(Unknown Source)
	at java.base/java.util.concurrent.CompletableFuture$Completion.exec(Unknown Source)
	at java.base/java.util.concurrent.ForkJoinTask.doExec(Unknown Source)
	at java.base/java.util.concurrent.ForkJoinPool$WorkQueue.topLevelExec(Unknown Source)
	at java.base/java.util.concurrent.ForkJoinPool.scan(Unknown Source)
	at java.base/java.util.concurrent.ForkJoinPool.runWorker(Unknown Source)
	at java.base/java.util.concurrent.ForkJoinWorkerThread.run(Unknown Source)

[Error - 6:54:52 PM] Apr 17, 2023, 6:54:52 PM BadLocationException
null
org.eclipse.jface.text.BadLocationException
	at org.eclipse.jface.text.ListLineTracker.getLineOffset(ListLineTracker.java:197)
	at org.eclipse.jface.text.AbstractLineTracker.getLineOffset(AbstractLineTracker.java:252)
	at org.eclipse.jface.text.AbstractDocument.getLineOffset(AbstractDocument.java:877)
	at org.eclipse.jdt.ls.core.internal.handlers.JsonRpcHelpers.toOffset(JsonRpcHelpers.java:85)
	at org.eclipse.jdt.ls.core.internal.handlers.JsonRpcHelpers.toOffset(JsonRpcHelpers.java:69)
	at org.eclipse.jdt.ls.core.internal.handlers.InlayHintsHandler.inlayHint(InlayHintsHandler.java:78)
	at org.eclipse.jdt.ls.core.internal.handlers.JDTLanguageServer.lambda$54(JDTLanguageServer.java:1105)
	at org.eclipse.jdt.ls.core.internal.BaseJDTLanguageServer.lambda$0(BaseJDTLanguageServer.java:87)
	at java.base/java.util.concurrent.CompletableFuture$UniApply.tryFire(Unknown Source)
	at java.base/java.util.concurrent.CompletableFuture$Completion.exec(Unknown Source)
	at java.base/java.util.concurrent.ForkJoinTask.doExec(Unknown Source)
	at java.base/java.util.concurrent.ForkJoinPool$WorkQueue.topLevelExec(Unknown Source)
	at java.base/java.util.concurrent.ForkJoinPool.scan(Unknown Source)
	at java.base/java.util.concurrent.ForkJoinPool.runWorker(Unknown Source)
	at java.base/java.util.concurrent.ForkJoinWorkerThread.run(Unknown Source)

[Error - 6:54:52 PM] Apr 17, 2023, 6:54:52 PM BadLocationException
null
org.eclipse.jface.text.BadLocationException
	at org.eclipse.jface.text.ListLineTracker.getLineOffset(ListLineTracker.java:197)
	at org.eclipse.jface.text.AbstractLineTracker.getLineOffset(AbstractLineTracker.java:252)
	at org.eclipse.jface.text.AbstractDocument.getLineOffset(AbstractDocument.java:877)
	at org.eclipse.jdt.ls.core.internal.handlers.JsonRpcHelpers.toOffset(JsonRpcHelpers.java:85)
	at org.eclipse.jdt.ls.core.internal.handlers.JsonRpcHelpers.toOffset(JsonRpcHelpers.java:69)
	at org.eclipse.jdt.ls.core.internal.handlers.InlayHintsHandler.inlayHint(InlayHintsHandler.java:78)
	at org.eclipse.jdt.ls.core.internal.handlers.JDTLanguageServer.lambda$54(JDTLanguageServer.java:1105)
	at org.eclipse.jdt.ls.core.internal.BaseJDTLanguageServer.lambda$0(BaseJDTLanguageServer.java:87)
	at java.base/java.util.concurrent.CompletableFuture$UniApply.tryFire(Unknown Source)
	at java.base/java.util.concurrent.CompletableFuture$Completion.exec(Unknown Source)
	at java.base/java.util.concurrent.ForkJoinTask.doExec(Unknown Source)
	at java.base/java.util.concurrent.ForkJoinPool$WorkQueue.topLevelExec(Unknown Source)
	at java.base/java.util.concurrent.ForkJoinPool.scan(Unknown Source)
	at java.base/java.util.concurrent.ForkJoinPool.runWorker(Unknown Source)
	at java.base/java.util.concurrent.ForkJoinWorkerThread.run(Unknown Source)

[Error - 6:54:52 PM] Apr 17, 2023, 6:54:52 PM BadLocationException
null
org.eclipse.jface.text.BadLocationException
	at org.eclipse.jface.text.ListLineTracker.getLineOffset(ListLineTracker.java:197)
	at org.eclipse.jface.text.AbstractLineTracker.getLineOffset(AbstractLineTracker.java:252)
	at org.eclipse.jface.text.AbstractDocument.getLineOffset(AbstractDocument.java:877)
	at org.eclipse.jdt.ls.core.internal.handlers.JsonRpcHelpers.toOffset(JsonRpcHelpers.java:85)
	at org.eclipse.jdt.ls.core.internal.handlers.JsonRpcHelpers.toOffset(JsonRpcHelpers.java:69)
	at org.eclipse.jdt.ls.core.internal.handlers.InlayHintsHandler.inlayHint(InlayHintsHandler.java:78)
	at org.eclipse.jdt.ls.core.internal.handlers.JDTLanguageServer.lambda$54(JDTLanguageServer.java:1105)
	at org.eclipse.jdt.ls.core.internal.BaseJDTLanguageServer.lambda$0(BaseJDTLanguageServer.java:87)
	at java.base/java.util.concurrent.CompletableFuture$UniApply.tryFire(Unknown Source)
	at java.base/java.util.concurrent.CompletableFuture$Completion.exec(Unknown Source)
	at java.base/java.util.concurrent.ForkJoinTask.doExec(Unknown Source)
	at java.base/java.util.concurrent.ForkJoinPool$WorkQueue.topLevelExec(Unknown Source)
	at java.base/java.util.concurrent.ForkJoinPool.scan(Unknown Source)
	at java.base/java.util.concurrent.ForkJoinPool.runWorker(Unknown Source)
	at java.base/java.util.concurrent.ForkJoinWorkerThread.run(Unknown Source)

[Error - 6:54:53 PM] Apr 17, 2023, 6:54:53 PM BadLocationException
null
org.eclipse.jface.text.BadLocationException
	at org.eclipse.jface.text.ListLineTracker.getLineOffset(ListLineTracker.java:197)
	at org.eclipse.jface.text.AbstractLineTracker.getLineOffset(AbstractLineTracker.java:252)
	at org.eclipse.jface.text.AbstractDocument.getLineOffset(AbstractDocument.java:877)
	at org.eclipse.jdt.ls.core.internal.handlers.JsonRpcHelpers.toOffset(JsonRpcHelpers.java:85)
	at org.eclipse.jdt.ls.core.internal.handlers.JsonRpcHelpers.toOffset(JsonRpcHelpers.java:69)
	at org.eclipse.jdt.ls.core.internal.handlers.InlayHintsHandler.inlayHint(InlayHintsHandler.java:78)
	at org.eclipse.jdt.ls.core.internal.handlers.JDTLanguageServer.lambda$54(JDTLanguageServer.java:1105)
	at org.eclipse.jdt.ls.core.internal.BaseJDTLanguageServer.lambda$0(BaseJDTLanguageServer.java:87)
	at java.base/java.util.concurrent.CompletableFuture$UniApply.tryFire(Unknown Source)
	at java.base/java.util.concurrent.CompletableFuture$Completion.exec(Unknown Source)
	at java.base/java.util.concurrent.ForkJoinTask.doExec(Unknown Source)
	at java.base/java.util.concurrent.ForkJoinPool$WorkQueue.topLevelExec(Unknown Source)
	at java.base/java.util.concurrent.ForkJoinPool.scan(Unknown Source)
	at java.base/java.util.concurrent.ForkJoinPool.runWorker(Unknown Source)
	at java.base/java.util.concurrent.ForkJoinWorkerThread.run(Unknown Source)

[Error - 6:54:53 PM] Apr 17, 2023, 6:54:53 PM BadLocationException
null
org.eclipse.jface.text.BadLocationException
	at org.eclipse.jface.text.ListLineTracker.getLineOffset(ListLineTracker.java:197)
	at org.eclipse.jface.text.AbstractLineTracker.getLineOffset(AbstractLineTracker.java:252)
	at org.eclipse.jface.text.AbstractDocument.getLineOffset(AbstractDocument.java:877)
	at org.eclipse.jdt.ls.core.internal.handlers.JsonRpcHelpers.toOffset(JsonRpcHelpers.java:85)
	at org.eclipse.jdt.ls.core.internal.handlers.JsonRpcHelpers.toOffset(JsonRpcHelpers.java:69)
	at org.eclipse.jdt.ls.core.internal.handlers.InlayHintsHandler.inlayHint(InlayHintsHandler.java:78)
	at org.eclipse.jdt.ls.core.internal.handlers.JDTLanguageServer.lambda$54(JDTLanguageServer.java:1105)
	at org.eclipse.jdt.ls.core.internal.BaseJDTLanguageServer.lambda$0(BaseJDTLanguageServer.java:87)
	at java.base/java.util.concurrent.CompletableFuture$UniApply.tryFire(Unknown Source)
	at java.base/java.util.concurrent.CompletableFuture$Completion.exec(Unknown Source)
	at java.base/java.util.concurrent.ForkJoinTask.doExec(Unknown Source)
	at java.base/java.util.concurrent.ForkJoinPool$WorkQueue.topLevelExec(Unknown Source)
	at java.base/java.util.concurrent.ForkJoinPool.scan(Unknown Source)
	at java.base/java.util.concurrent.ForkJoinPool.runWorker(Unknown Source)
	at java.base/java.util.concurrent.ForkJoinWorkerThread.run(Unknown Source)

[Error - 6:54:53 PM] Apr 17, 2023, 6:54:53 PM BadLocationException
null
org.eclipse.jface.text.BadLocationException
	at org.eclipse.jface.text.ListLineTracker.getLineOffset(ListLineTracker.java:197)
	at org.eclipse.jface.text.AbstractLineTracker.getLineOffset(AbstractLineTracker.java:252)
	at org.eclipse.jface.text.AbstractDocument.getLineOffset(AbstractDocument.java:877)
	at org.eclipse.jdt.ls.core.internal.handlers.JsonRpcHelpers.toOffset(JsonRpcHelpers.java:85)
	at org.eclipse.jdt.ls.core.internal.handlers.JsonRpcHelpers.toOffset(JsonRpcHelpers.java:69)
	at org.eclipse.jdt.ls.core.internal.handlers.InlayHintsHandler.inlayHint(InlayHintsHandler.java:78)
	at org.eclipse.jdt.ls.core.internal.handlers.JDTLanguageServer.lambda$54(JDTLanguageServer.java:1105)
	at org.eclipse.jdt.ls.core.internal.BaseJDTLanguageServer.lambda$0(BaseJDTLanguageServer.java:87)
	at java.base/java.util.concurrent.CompletableFuture$UniApply.tryFire(Unknown Source)
	at java.base/java.util.concurrent.CompletableFuture$Completion.exec(Unknown Source)
	at java.base/java.util.concurrent.ForkJoinTask.doExec(Unknown Source)
	at java.base/java.util.concurrent.ForkJoinPool$WorkQueue.topLevelExec(Unknown Source)
	at java.base/java.util.concurrent.ForkJoinPool.scan(Unknown Source)
	at java.base/java.util.concurrent.ForkJoinPool.runWorker(Unknown Source)
	at java.base/java.util.concurrent.ForkJoinWorkerThread.run(Unknown Source)

[Error - 6:54:53 PM] Apr 17, 2023, 6:54:53 PM BadLocationException
null
org.eclipse.jface.text.BadLocationException
	at org.eclipse.jface.text.ListLineTracker.getLineOffset(ListLineTracker.java:197)
	at org.eclipse.jface.text.AbstractLineTracker.getLineOffset(AbstractLineTracker.java:252)
	at org.eclipse.jface.text.AbstractDocument.getLineOffset(AbstractDocument.java:877)
	at org.eclipse.jdt.ls.core.internal.handlers.JsonRpcHelpers.toOffset(JsonRpcHelpers.java:85)
	at org.eclipse.jdt.ls.core.internal.handlers.JsonRpcHelpers.toOffset(JsonRpcHelpers.java:69)
	at org.eclipse.jdt.ls.core.internal.handlers.InlayHintsHandler.inlayHint(InlayHintsHandler.java:78)
	at org.eclipse.jdt.ls.core.internal.handlers.JDTLanguageServer.lambda$54(JDTLanguageServer.java:1105)
	at org.eclipse.jdt.ls.core.internal.BaseJDTLanguageServer.lambda$0(BaseJDTLanguageServer.java:87)
	at java.base/java.util.concurrent.CompletableFuture$UniApply.tryFire(Unknown Source)
	at java.base/java.util.concurrent.CompletableFuture$Completion.exec(Unknown Source)
	at java.base/java.util.concurrent.ForkJoinTask.doExec(Unknown Source)
	at java.base/java.util.concurrent.ForkJoinPool$WorkQueue.topLevelExec(Unknown Source)
	at java.base/java.util.concurrent.ForkJoinPool.scan(Unknown Source)
	at java.base/java.util.concurrent.ForkJoinPool.runWorker(Unknown Source)
	at java.base/java.util.concurrent.ForkJoinWorkerThread.run(Unknown Source)

[Error - 6:54:53 PM] Apr 17, 2023, 6:54:53 PM BadLocationException
null
org.eclipse.jface.text.BadLocationException
	at org.eclipse.jface.text.ListLineTracker.getLineOffset(ListLineTracker.java:197)
	at org.eclipse.jface.text.AbstractLineTracker.getLineOffset(AbstractLineTracker.java:252)
	at org.eclipse.jface.text.AbstractDocument.getLineOffset(AbstractDocument.java:877)
	at org.eclipse.jdt.ls.core.internal.handlers.JsonRpcHelpers.toOffset(JsonRpcHelpers.java:85)
	at org.eclipse.jdt.ls.core.internal.handlers.JsonRpcHelpers.toOffset(JsonRpcHelpers.java:69)
	at org.eclipse.jdt.ls.core.internal.handlers.InlayHintsHandler.inlayHint(InlayHintsHandler.java:78)
	at org.eclipse.jdt.ls.core.internal.handlers.JDTLanguageServer.lambda$54(JDTLanguageServer.java:1105)
	at org.eclipse.jdt.ls.core.internal.BaseJDTLanguageServer.lambda$0(BaseJDTLanguageServer.java:87)
	at java.base/java.util.concurrent.CompletableFuture$UniApply.tryFire(Unknown Source)
	at java.base/java.util.concurrent.CompletableFuture$Completion.exec(Unknown Source)
	at java.base/java.util.concurrent.ForkJoinTask.doExec(Unknown Source)
	at java.base/java.util.concurrent.ForkJoinPool$WorkQueue.topLevelExec(Unknown Source)
	at java.base/java.util.concurrent.ForkJoinPool.scan(Unknown Source)
	at java.base/java.util.concurrent.ForkJoinPool.runWorker(Unknown Source)
	at java.base/java.util.concurrent.ForkJoinWorkerThread.run(Unknown Source)

[Error - 6:54:53 PM] Apr 17, 2023, 6:54:53 PM BadLocationException
null
org.eclipse.jface.text.BadLocationException
	at org.eclipse.jface.text.ListLineTracker.getLineOffset(ListLineTracker.java:197)
	at org.eclipse.jface.text.AbstractLineTracker.getLineOffset(AbstractLineTracker.java:252)
	at org.eclipse.jface.text.AbstractDocument.getLineOffset(AbstractDocument.java:877)
	at org.eclipse.jdt.ls.core.internal.handlers.JsonRpcHelpers.toOffset(JsonRpcHelpers.java:85)
	at org.eclipse.jdt.ls.core.internal.handlers.JsonRpcHelpers.toOffset(JsonRpcHelpers.java:69)
	at org.eclipse.jdt.ls.core.internal.handlers.InlayHintsHandler.inlayHint(InlayHintsHandler.java:78)
	at org.eclipse.jdt.ls.core.internal.handlers.JDTLanguageServer.lambda$54(JDTLanguageServer.java:1105)
	at org.eclipse.jdt.ls.core.internal.BaseJDTLanguageServer.lambda$0(BaseJDTLanguageServer.java:87)
	at java.base/java.util.concurrent.CompletableFuture$UniApply.tryFire(Unknown Source)
	at java.base/java.util.concurrent.CompletableFuture$Completion.exec(Unknown Source)
	at java.base/java.util.concurrent.ForkJoinTask.doExec(Unknown Source)
	at java.base/java.util.concurrent.ForkJoinPool$WorkQueue.topLevelExec(Unknown Source)
	at java.base/java.util.concurrent.ForkJoinPool.scan(Unknown Source)
	at java.base/java.util.concurrent.ForkJoinPool.runWorker(Unknown Source)
	at java.base/java.util.concurrent.ForkJoinWorkerThread.run(Unknown Source)

[Error - 6:54:54 PM] Apr 17, 2023, 6:54:54 PM BadLocationException
null
org.eclipse.jface.text.BadLocationException
	at org.eclipse.jface.text.ListLineTracker.getLineOffset(ListLineTracker.java:197)
	at org.eclipse.jface.text.AbstractLineTracker.getLineOffset(AbstractLineTracker.java:252)
	at org.eclipse.jface.text.AbstractDocument.getLineOffset(AbstractDocument.java:877)
	at org.eclipse.jdt.ls.core.internal.handlers.JsonRpcHelpers.toOffset(JsonRpcHelpers.java:85)
	at org.eclipse.jdt.ls.core.internal.handlers.JsonRpcHelpers.toOffset(JsonRpcHelpers.java:69)
	at org.eclipse.jdt.ls.core.internal.handlers.InlayHintsHandler.inlayHint(InlayHintsHandler.java:78)
	at org.eclipse.jdt.ls.core.internal.handlers.JDTLanguageServer.lambda$54(JDTLanguageServer.java:1105)
	at org.eclipse.jdt.ls.core.internal.BaseJDTLanguageServer.lambda$0(BaseJDTLanguageServer.java:87)
	at java.base/java.util.concurrent.CompletableFuture$UniApply.tryFire(Unknown Source)
	at java.base/java.util.concurrent.CompletableFuture$Completion.exec(Unknown Source)
	at java.base/java.util.concurrent.ForkJoinTask.doExec(Unknown Source)
	at java.base/java.util.concurrent.ForkJoinPool$WorkQueue.topLevelExec(Unknown Source)
	at java.base/java.util.concurrent.ForkJoinPool.scan(Unknown Source)
	at java.base/java.util.concurrent.ForkJoinPool.runWorker(Unknown Source)
	at java.base/java.util.concurrent.ForkJoinWorkerThread.run(Unknown Source)

[Error - 6:54:57 PM] Apr 17, 2023, 6:54:57 PM BadLocationException
null
org.eclipse.jface.text.BadLocationException
	at org.eclipse.jface.text.ListLineTracker.getLineOffset(ListLineTracker.java:197)
	at org.eclipse.jface.text.AbstractLineTracker.getLineOffset(AbstractLineTracker.java:252)
	at org.eclipse.jface.text.AbstractDocument.getLineOffset(AbstractDocument.java:877)
	at org.eclipse.jdt.ls.core.internal.handlers.JsonRpcHelpers.toOffset(JsonRpcHelpers.java:85)
	at org.eclipse.jdt.ls.core.internal.handlers.JsonRpcHelpers.toOffset(JsonRpcHelpers.java:69)
	at org.eclipse.jdt.ls.core.internal.handlers.InlayHintsHandler.inlayHint(InlayHintsHandler.java:78)
	at org.eclipse.jdt.ls.core.internal.handlers.JDTLanguageServer.lambda$54(JDTLanguageServer.java:1105)
	at org.eclipse.jdt.ls.core.internal.BaseJDTLanguageServer.lambda$0(BaseJDTLanguageServer.java:87)
	at java.base/java.util.concurrent.CompletableFuture$UniApply.tryFire(Unknown Source)
	at java.base/java.util.concurrent.CompletableFuture$Completion.exec(Unknown Source)
	at java.base/java.util.concurrent.ForkJoinTask.doExec(Unknown Source)
	at java.base/java.util.concurrent.ForkJoinPool$WorkQueue.topLevelExec(Unknown Source)
	at java.base/java.util.concurrent.ForkJoinPool.scan(Unknown Source)
	at java.base/java.util.concurrent.ForkJoinPool.runWorker(Unknown Source)
	at java.base/java.util.concurrent.ForkJoinWorkerThread.run(Unknown Source)

[Error - 6:54:57 PM] Apr 17, 2023, 6:54:57 PM BadLocationException
null
org.eclipse.jface.text.BadLocationException
	at org.eclipse.jface.text.ListLineTracker.getLineOffset(ListLineTracker.java:197)
	at org.eclipse.jface.text.AbstractLineTracker.getLineOffset(AbstractLineTracker.java:252)
	at org.eclipse.jface.text.AbstractDocument.getLineOffset(AbstractDocument.java:877)
	at org.eclipse.jdt.ls.core.internal.handlers.JsonRpcHelpers.toOffset(JsonRpcHelpers.java:85)
	at org.eclipse.jdt.ls.core.internal.handlers.JsonRpcHelpers.toOffset(JsonRpcHelpers.java:69)
	at org.eclipse.jdt.ls.core.internal.handlers.InlayHintsHandler.inlayHint(InlayHintsHandler.java:78)
	at org.eclipse.jdt.ls.core.internal.handlers.JDTLanguageServer.lambda$54(JDTLanguageServer.java:1105)
	at org.eclipse.jdt.ls.core.internal.BaseJDTLanguageServer.lambda$0(BaseJDTLanguageServer.java:87)
	at java.base/java.util.concurrent.CompletableFuture$UniApply.tryFire(Unknown Source)
	at java.base/java.util.concurrent.CompletableFuture$Completion.exec(Unknown Source)
	at java.base/java.util.concurrent.ForkJoinTask.doExec(Unknown Source)
	at java.base/java.util.concurrent.ForkJoinPool$WorkQueue.topLevelExec(Unknown Source)
	at java.base/java.util.concurrent.ForkJoinPool.scan(Unknown Source)
	at java.base/java.util.concurrent.ForkJoinPool.runWorker(Unknown Source)
	at java.base/java.util.concurrent.ForkJoinWorkerThread.run(Unknown Source)

