
-------- SESSION 2023-05-01T17:28:37.628Z (22.11.3656+202301100025, linux, x64, 16459452416, XMIND LTD., vana_linux) --------
[I 2023-05-01T17:28:37.642Z main:store:plugins:electron] current pid is "15893"
[I 2023-05-01T17:28:37.657Z usage-stats] sync data
[I 2023-05-01T17:28:37.710Z auto-updater] current version is "22.11.3656"
[I 2023-05-01T17:28:38.173Z main:store:plugins:electron] Application will finish launching.
[I 2023-05-01T17:28:38.180Z main:store:plugins:electron] Application arguments: ["/opt/Xmind/xmind"]
[I 2023-05-01T17:28:38.198Z main:store:plugins:electron] Application is ready.
[I 2023-05-01T17:28:38.224Z main:store:plugins:open-handler] Recover: Map(2) {
  '3' => [
    {
      source: 'file:///home/i0xfce/Documents/Goals.xmind',
      editorId: 'c6eb77f731b9cff1cee769ad98'
    }
  ],
  '2' => [
    {
      source: 'file:///home/i0xfce/Documents/Daily%20Routine.xmind',
      editorId: 'd249d799e31a881642e4787861'
    }
  ]
}
[I 2023-05-01T17:28:38.226Z main:store:plugins:activation-updater] Start updating subscription information periodically.
[I 2023-05-01T17:28:38.226Z main:store:plugins:activation-updater] Schedule refresh timeout(60000).
[I 2023-05-01T17:28:38.226Z main:store:plugins:activation-updater] Start updating per-machine license information periodically.
[I 2023-05-01T17:28:38.226Z main:store:plugins:activation-updater] Schedule refresh timeout(60000).
[I 2023-05-01T17:28:38.659Z main:store:plugins:electron] Device ID: e1f2411e-a9b6-4b7b-80d6-5e863c368b40
[I 2023-05-01T17:29:38.227Z main:store:plugins:activation-updater] Schedule refresh timeout(null).
[I 2023-05-01T17:29:38.227Z main:store:plugins:activation-updater] Schedule refresh timeout(null).
