[I 2023-04-23T19:01:16.875Z main:store:plugins:activation-updater] Schedule refresh timeout(null).
[I 2023-04-23T19:01:16.877Z main:store:plugins:activation-updater] Schedule refresh timeout(null).
[I 2023-04-23T20:01:16.878Z main:store:plugins:activation-updater] Schedule refresh timeout(null).
[I 2023-04-23T20:01:16.878Z main:store:plugins:activation-updater] Schedule refresh timeout(null).
[W 2023-04-23T20:25:47.805Z ipc] API "POST /generate/image" unregistered on webContents "3" destroyed.
-------- SESSION 2023-04-24T09:04:02.502Z (22.11.3656+202301100025, linux, x64, 16459390976, XMIND LTD., vana_linux) --------
[I 2023-04-24T09:04:02.516Z main:store:plugins:electron] current pid is "177224"
[I 2023-04-24T09:04:02.531Z usage-stats] sync data
[I 2023-04-24T09:04:02.587Z auto-updater] current version is "22.11.3656"
[I 2023-04-24T09:04:03.131Z main:store:plugins:electron] Application will finish launching.
[I 2023-04-24T09:04:03.139Z main:store:plugins:electron] Application arguments: ["/opt/Xmind/xmind"]
[I 2023-04-24T09:04:03.158Z main:store:plugins:electron] Application is ready.
[I 2023-04-24T09:04:03.187Z main:store:plugins:open-handler] Recover: Map(1) {
  '1' => [
    {
      source: 'file:///home/i0xfce/Documents/Project%20PassFX.xmind',
      editorId: '14fa8044f29bbf3dc178f8df0f'
    }
  ]
}
[I 2023-04-24T09:04:03.189Z main:store:plugins:activation-updater] Start updating subscription information periodically.
[I 2023-04-24T09:04:03.189Z main:store:plugins:activation-updater] Schedule refresh timeout(60000).
[I 2023-04-24T09:04:03.189Z main:store:plugins:activation-updater] Start updating per-machine license information periodically.
[I 2023-04-24T09:04:03.189Z main:store:plugins:activation-updater] Schedule refresh timeout(60000).
[I 2023-04-24T09:04:03.481Z main:store:plugins:electron] Device ID: e1f2411e-a9b6-4b7b-80d6-5e863c368b40
[I 2023-04-24T09:05:03.189Z main:store:plugins:activation-updater] Schedule refresh timeout(null).
[I 2023-04-24T09:05:03.190Z main:store:plugins:activation-updater] Schedule refresh timeout(null).
[I 2023-04-24T10:05:03.190Z main:store:plugins:activation-updater] Schedule refresh timeout(null).
[I 2023-04-24T10:05:03.191Z main:store:plugins:activation-updater] Schedule refresh timeout(null).
[I 2023-04-24T10:45:15.495Z snowbrush] null
[I 2023-04-24T10:45:19.777Z snowbrush] db write {
  'text/plain': 'Yes\r\n\tSave & Continue\r\nNo\r\n\tContinue',
  'text/x-array-json': [
    { data: [Object], xapPaths: [] },
    { data: [Object], xapPaths: [] }
  ],
  'text/x-type': 'branch',
  'text/x-other-object-json': {
    relationship: [],
    boundary: [],
    summary: [],
    sheetId: '73eaac5d9f9bcd78a2ba2a5aea'
  },
  xapInfoMap: {}
}
[I 2023-04-24T10:45:48.213Z snowbrush] null
[I 2023-04-24T10:50:08.975Z snowbrush] db write {
  'text/plain': 'A Chance to re-enter the password\r\n\tInvalid \r\n\t\tB2 New User',
  'text/x-array-json': [ { data: [Object], xapPaths: [] } ],
  'text/x-type': 'branch',
  'text/x-other-object-json': {
    relationship: [],
    boundary: [],
    summary: [],
    sheetId: '73eaac5d9f9bcd78a2ba2a5aea'
  },
  xapInfoMap: {}
}
[I 2023-04-24T11:09:01.381Z main:store:plugins:activation-updater] Schedule refresh timeout(null).
[I 2023-04-24T11:09:01.383Z main:store:plugins:activation-updater] Schedule refresh timeout(null).
[I 2023-04-24T12:21:05.954Z main:store:plugins:activation-updater] Schedule refresh timeout(null).
[I 2023-04-24T12:21:05.955Z main:store:plugins:activation-updater] Schedule refresh timeout(null).
[I 2023-04-24T13:21:05.955Z main:store:plugins:activation-updater] Schedule refresh timeout(null).
[I 2023-04-24T13:21:05.956Z main:store:plugins:activation-updater] Schedule refresh timeout(null).
[I 2023-04-24T14:21:05.956Z main:store:plugins:activation-updater] Schedule refresh timeout(null).
[I 2023-04-24T14:21:05.957Z main:store:plugins:activation-updater] Schedule refresh timeout(null).
[I 2023-04-24T15:21:05.957Z main:store:plugins:activation-updater] Schedule refresh timeout(null).
[I 2023-04-24T15:21:05.958Z main:store:plugins:activation-updater] Schedule refresh timeout(null).
[I 2023-04-24T16:21:05.959Z main:store:plugins:activation-updater] Schedule refresh timeout(null).
[I 2023-04-24T16:21:05.959Z main:store:plugins:activation-updater] Schedule refresh timeout(null).
[I 2023-04-24T17:21:05.960Z main:store:plugins:activation-updater] Schedule refresh timeout(null).
[I 2023-04-24T17:21:05.960Z main:store:plugins:activation-updater] Schedule refresh timeout(null).
