
-------- SESSION 2023-04-17T02:40:14.614Z (22.11.3656+202301100025, linux, x64, 16459444224, XMIND LTD., vana_linux) --------
[I 2023-04-17T02:40:14.629Z main:store:plugins:electron] current pid is "492642"
[I 2023-04-17T02:40:14.643Z usage-stats] sync data
[I 2023-04-17T02:40:14.737Z auto-updater] current version is "22.11.3656"
[I 2023-04-17T02:40:15.380Z main:store:plugins:electron] Application will finish launching.
[I 2023-04-17T02:40:15.391Z main:store:plugins:electron] Application arguments: ["/opt/Xmind/xmind"]
[I 2023-04-17T02:40:15.418Z main:store:plugins:electron] Application is ready.
[I 2023-04-17T02:40:15.454Z main:store:plugins:open-handler] Recover: Map(1) {
  '1' => [
    {
      source: 'file:///home/i0xfce/Documents/Daily%20Routine.xmind',
      editorId: '5e8a1930e44a488992d9ab3388'
    }
  ]
}
[I 2023-04-17T02:40:15.457Z main:store:plugins:activation-updater] Start updating subscription information periodically.
[I 2023-04-17T02:40:15.457Z main:store:plugins:activation-updater] Schedule refresh timeout(60000).
[I 2023-04-17T02:40:15.458Z main:store:plugins:activation-updater] Start updating per-machine license information periodically.
[I 2023-04-17T02:40:15.458Z main:store:plugins:activation-updater] Schedule refresh timeout(60000).
[I 2023-04-17T02:40:15.771Z main:store:plugins:electron] Device ID: e1f2411e-a9b6-4b7b-80d6-5e863c368b40
[I 2023-04-17T02:41:15.459Z main:store:plugins:activation-updater] Schedule refresh timeout(null).
[I 2023-04-17T02:41:15.460Z main:store:plugins:activation-updater] Schedule refresh timeout(null).
[I 2023-04-17T03:41:15.460Z main:store:plugins:activation-updater] Schedule refresh timeout(null).
[I 2023-04-17T03:41:15.460Z main:store:plugins:activation-updater] Schedule refresh timeout(null).
[I 2023-04-17T04:41:15.461Z main:store:plugins:activation-updater] Schedule refresh timeout(null).
[I 2023-04-17T04:41:15.461Z main:store:plugins:activation-updater] Schedule refresh timeout(null).
[I 2023-04-17T05:41:15.462Z main:store:plugins:activation-updater] Schedule refresh timeout(null).
[I 2023-04-17T05:41:15.462Z main:store:plugins:activation-updater] Schedule refresh timeout(null).
[I 2023-04-17T06:41:15.463Z main:store:plugins:activation-updater] Schedule refresh timeout(null).
[I 2023-04-17T06:41:15.463Z main:store:plugins:activation-updater] Schedule refresh timeout(null).
[I 2023-04-17T07:41:15.465Z main:store:plugins:activation-updater] Schedule refresh timeout(null).
[I 2023-04-17T07:41:15.465Z main:store:plugins:activation-updater] Schedule refresh timeout(null).
[I 2023-04-17T08:41:15.464Z main:store:plugins:activation-updater] Schedule refresh timeout(null).
[I 2023-04-17T08:41:15.465Z main:store:plugins:activation-updater] Schedule refresh timeout(null).
[I 2023-04-17T09:41:15.466Z main:store:plugins:activation-updater] Schedule refresh timeout(null).
[I 2023-04-17T09:41:15.466Z main:store:plugins:activation-updater] Schedule refresh timeout(null).
[I 2023-04-17T10:41:15.467Z main:store:plugins:activation-updater] Schedule refresh timeout(null).
[I 2023-04-17T10:41:15.467Z main:store:plugins:activation-updater] Schedule refresh timeout(null).
[I 2023-04-17T10:57:04.123Z main:store:plugins:electron] Application is intended to quit.
[I 2023-04-17T10:57:04.145Z main:store:plugins:electron] Application status is quitting:  false
[I 2023-04-17T10:57:04.146Z main:store:plugins:electron] Asking all editors to close their documents...

-------- SESSION 2023-04-17T11:46:24.545Z (22.11.3656+202301100025, linux, x64, 16459452416, XMIND LTD., vana_linux) --------
[I 2023-04-17T11:46:24.560Z main:store:plugins:electron] current pid is "22297"
[I 2023-04-17T11:46:24.574Z usage-stats] sync data
[I 2023-04-17T11:46:24.624Z auto-updater] current version is "22.11.3656"
[I 2023-04-17T11:46:25.217Z main:store:plugins:electron] Application will finish launching.
[I 2023-04-17T11:46:25.229Z main:store:plugins:electron] Application arguments: ["/opt/Xmind/xmind"]
[I 2023-04-17T11:46:25.250Z main:store:plugins:electron] Application is ready.
[I 2023-04-17T11:46:25.277Z main:store:plugins:open-handler] Recover: Map(1) {
  '1' => [
    {
      source: 'file:///home/i0xfce/Documents/Daily%20Routine.xmind',
      editorId: '5e8a1930e44a488992d9ab3388'
    }
  ]
}
[I 2023-04-17T11:46:25.280Z main:store:plugins:activation-updater] Start updating subscription information periodically.
[I 2023-04-17T11:46:25.280Z main:store:plugins:activation-updater] Schedule refresh timeout(60000).
[I 2023-04-17T11:46:25.280Z main:store:plugins:activation-updater] Start updating per-machine license information periodically.
[I 2023-04-17T11:46:25.280Z main:store:plugins:activation-updater] Schedule refresh timeout(60000).
[I 2023-04-17T11:46:25.602Z main:store:plugins:electron] Device ID: e1f2411e-a9b6-4b7b-80d6-5e863c368b40
[I 2023-04-17T11:46:36.433Z fonts] App Locale: en
[I 2023-04-17T11:46:36.433Z fonts] start get system fonts
[I 2023-04-17T11:46:37.062Z main:store:plugins:editors:EditorFrame] Frame 1 close
[I 2023-04-17T11:46:41.100Z main:store:plugins:editors:EditorFrame] Not find editor view: undefined file:///opt/Xmind/resources/app.asar/renderer/editor-frame.html?frameId=1&_apr=dark
[I 2023-04-17T11:46:41.325Z main:store:plugins:editors:EditorFrame] Frame 1 close
[I 2023-04-17T11:46:41.372Z main:store:plugins:editors:EditorFrame] Frame 1 webContents destroyed
[I 2023-04-17T11:46:43.052Z fonts] Consuming 6619 ms to get system fonts
[I 2023-04-17T11:47:25.281Z main:store:plugins:activation-updater] Schedule refresh timeout(null).
[I 2023-04-17T11:47:25.282Z main:store:plugins:activation-updater] Schedule refresh timeout(null).
[I 2023-04-17T11:47:30.995Z snowbrush] null
[I 2023-04-17T11:49:55.121Z fonts] App Locale: en
[I 2023-04-17T11:49:55.333Z main:store:plugins:editors:EditorFrame] Frame 3 close
[I 2023-04-17T11:49:58.779Z main:store:plugins:editors:EditorFrame] Not find editor view: undefined file:///opt/Xmind/resources/app.asar/renderer/editor-frame.html?frameId=3&_apr=dark
[I 2023-04-17T11:49:58.920Z main:store:plugins:editors:EditorFrame] Frame 3 close
[I 2023-04-17T11:49:58.963Z main:store:plugins:editors:EditorFrame] Frame 3 webContents destroyed
[I 2023-04-17T11:58:27.821Z snowbrush] null
[I 2023-04-17T11:58:42.298Z snowbrush] null
[I 2023-04-17T11:58:44.518Z snowbrush] null
[I 2023-04-17T12:00:54.713Z snowbrush] null
[I 2023-04-17T12:01:18.484Z snowbrush] null
[I 2023-04-17T12:40:42.429Z main:store:plugins:electron] Application is intended to quit.
[I 2023-04-17T12:40:42.444Z main:store:plugins:electron] Application status is quitting:  false
[I 2023-04-17T12:40:42.445Z main:store:plugins:electron] Asking all editors to close their documents...

-------- SESSION 2023-04-17T12:42:27.359Z (22.11.3656+202301100025, linux, x64, 16459452416, XMIND LTD., vana_linux) --------
[I 2023-04-17T12:42:27.373Z main:store:plugins:electron] current pid is "2668"
[I 2023-04-17T12:42:27.387Z usage-stats] sync data
[I 2023-04-17T12:42:27.437Z auto-updater] current version is "22.11.3656"
[I 2023-04-17T12:42:27.967Z main:store:plugins:electron] Application will finish launching.
[I 2023-04-17T12:42:27.975Z main:store:plugins:electron] Application arguments: ["/opt/Xmind/xmind"]
[I 2023-04-17T12:42:27.994Z main:store:plugins:electron] Application is ready.
[I 2023-04-17T12:42:28.018Z main:store:plugins:open-handler] Recover: Map(1) {
  '2' => [
    {
      source: 'new://workbook',
      editorId: 'ce2a7b6fb74a1d0f00a119dc25'
    }
  ]
}
[I 2023-04-17T12:42:28.020Z main:store:plugins:activation-updater] Start updating subscription information periodically.
[I 2023-04-17T12:42:28.020Z main:store:plugins:activation-updater] Schedule refresh timeout(60000).
[I 2023-04-17T12:42:28.021Z main:store:plugins:activation-updater] Start updating per-machine license information periodically.
[I 2023-04-17T12:42:28.021Z main:store:plugins:activation-updater] Schedule refresh timeout(60000).
[I 2023-04-17T12:42:28.329Z main:store:plugins:electron] Device ID: e1f2411e-a9b6-4b7b-80d6-5e863c368b40
[I 2023-04-17T12:42:30.827Z fonts] App Locale: en
[I 2023-04-17T12:42:30.828Z fonts] start get system fonts
[I 2023-04-17T12:42:32.766Z fonts] Consuming 1938 ms to get system fonts
[I 2023-04-17T12:43:28.021Z main:store:plugins:activation-updater] Schedule refresh timeout(null).
[I 2023-04-17T12:43:28.021Z main:store:plugins:activation-updater] Schedule refresh timeout(null).
[I 2023-04-17T15:37:12.125Z main:store:plugins:activation-updater] Schedule refresh timeout(null).
[I 2023-04-17T15:37:12.126Z main:store:plugins:activation-updater] Schedule refresh timeout(null).
[I 2023-04-17T16:37:12.130Z main:store:plugins:activation-updater] Schedule refresh timeout(null).
[I 2023-04-17T16:37:12.130Z main:store:plugins:activation-updater] Schedule refresh timeout(null).
[I 2023-04-17T17:37:12.178Z main:store:plugins:activation-updater] Schedule refresh timeout(null).
[I 2023-04-17T17:37:12.178Z main:store:plugins:activation-updater] Schedule refresh timeout(null).
