
-------- SESSION 2023-05-14T15:39:56.867Z (22.11.3656+202301100025, linux, x64, 16459378688, XMIND LTD., vana_linux) --------
[I 2023-05-14T15:39:56.883Z main:store:plugins:electron] current pid is "88602"
[I 2023-05-14T15:39:56.902Z usage-stats] sync data
[I 2023-05-14T15:39:56.970Z auto-updater] current version is "22.11.3656"
[I 2023-05-14T15:39:57.588Z main:store:plugins:electron] Application will finish launching.
[I 2023-05-14T15:39:57.601Z main:store:plugins:electron] Application arguments: ["/opt/Xmind/xmind"]
[I 2023-05-14T15:39:57.626Z main:store:plugins:electron] Application is ready.
[I 2023-05-14T15:39:57.679Z main:store:plugins:open-handler] Recover: Map(1) {
  '1' => [
    {
      source: 'file:///home/i0xfce/Documents/Project%20PassFX.xmind',
      editorId: '4158f3ae126a2a2b4e716be9a1'
    }
  ]
}
[I 2023-05-14T15:39:57.681Z main:store:plugins:activation-updater] Start updating subscription information periodically.
[I 2023-05-14T15:39:57.682Z main:store:plugins:activation-updater] Schedule refresh timeout(60000).
[I 2023-05-14T15:39:57.682Z main:store:plugins:activation-updater] Start updating per-machine license information periodically.
[I 2023-05-14T15:39:57.682Z main:store:plugins:activation-updater] Schedule refresh timeout(60000).
[I 2023-05-14T15:39:58.133Z main:store:plugins:electron] Device ID: e1f2411e-a9b6-4b7b-80d6-5e863c368b40
[I 2023-05-14T15:40:57.683Z main:store:plugins:activation-updater] Schedule refresh timeout(null).
[I 2023-05-14T15:40:57.683Z main:store:plugins:activation-updater] Schedule refresh timeout(null).
[I 2023-05-14T15:42:22.660Z snowbrush] null
[W 2023-05-14T15:43:50.247Z ipc] API "POST /command/handle/frame/2" unregistered on webContents "5" destroyed.