
-------- SESSION 2023-05-03T04:59:45.507Z (22.11.3656+202301100025, linux, x64, 16459444224, XMIND LTD., vana_linux) --------
[I 2023-05-03T04:59:45.521Z main:store:plugins:electron] current pid is "583120"
[I 2023-05-03T04:59:45.535Z usage-stats] sync data
[I 2023-05-03T04:59:45.586Z auto-updater] current version is "22.11.3656"
[I 2023-05-03T04:59:46.211Z main:store:plugins:electron] Application will finish launching.
[I 2023-05-03T04:59:46.219Z main:store:plugins:electron] Application arguments: ["/opt/Xmind/xmind"]
[I 2023-05-03T04:59:46.236Z main:store:plugins:electron] Application is ready.
[I 2023-05-03T04:59:46.264Z main:store:plugins:open-handler] Recover: Map(1) {
  '1' => [
    {
      source: 'file:///home/i0xfce/Documents/Goals.xmind',
      editorId: 'c6eb77f731b9cff1cee769ad98'
    }
  ]
}
[I 2023-05-03T04:59:46.266Z main:store:plugins:activation-updater] Start updating subscription information periodically.
[I 2023-05-03T04:59:46.266Z main:store:plugins:activation-updater] Schedule refresh timeout(60000).
[I 2023-05-03T04:59:46.266Z main:store:plugins:activation-updater] Start updating per-machine license information periodically.
[I 2023-05-03T04:59:46.267Z main:store:plugins:activation-updater] Schedule refresh timeout(60000).
[I 2023-05-03T04:59:46.576Z main:store:plugins:electron] Device ID: e1f2411e-a9b6-4b7b-80d6-5e863c368b40
[I 2023-05-03T05:00:46.268Z main:store:plugins:activation-updater] Schedule refresh timeout(null).
[I 2023-05-03T05:00:46.269Z main:store:plugins:activation-updater] Schedule refresh timeout(null).
[I 2023-05-03T07:56:53.045Z main:store:plugins:activation-updater] Schedule refresh timeout(null).
[I 2023-05-03T07:56:53.046Z main:store:plugins:activation-updater] Schedule refresh timeout(null).
