
-------- SESSION 2023-04-23T04:57:10.051Z (22.11.3656+202301100025, linux, x64, 16459386880, XMIND LTD., vana_linux) --------
[I 2023-04-23T04:57:10.065Z main:store:plugins:electron] current pid is "539867"
[I 2023-04-23T04:57:10.080Z usage-stats] sync data
[I 2023-04-23T04:57:10.131Z auto-updater] current version is "22.11.3656"
[I 2023-04-23T04:57:10.582Z main:store:plugins:electron] Application will finish launching.
[I 2023-04-23T04:57:10.590Z main:store:plugins:electron] Application arguments: ["/opt/Xmind/xmind"]
[I 2023-04-23T04:57:10.608Z main:store:plugins:electron] Application is ready.
[I 2023-04-23T04:57:10.635Z main:store:plugins:open-handler] Recover: Map(1) {
  '1' => [
    {
      source: 'file:///home/i0xfce/Documents/Project%20PassFX.xmind',
      editorId: '14fa8044f29bbf3dc178f8df0f'
    }
  ]
}
[I 2023-04-23T04:57:10.637Z main:store:plugins:activation-updater] Start updating subscription information periodically.
[I 2023-04-23T04:57:10.638Z main:store:plugins:activation-updater] Schedule refresh timeout(60000).
[I 2023-04-23T04:57:10.638Z main:store:plugins:activation-updater] Start updating per-machine license information periodically.
[I 2023-04-23T04:57:10.638Z main:store:plugins:activation-updater] Schedule refresh timeout(60000).
[I 2023-04-23T04:57:10.942Z main:store:plugins:electron] Device ID: e1f2411e-a9b6-4b7b-80d6-5e863c368b40
[I 2023-04-23T04:58:10.638Z main:store:plugins:activation-updater] Schedule refresh timeout(null).
[I 2023-04-23T04:58:10.639Z main:store:plugins:activation-updater] Schedule refresh timeout(null).
[E 2023-04-23T04:59:10.904Z Notification] Error: Request timeout at: https://www.xmind.app/_api/events?p=vana_linux&v=22.11.3656.202301100025&ar=x64&nl=en-US&ac=trial&lic=&ts0=1679770155159&ts1=1682057756098&ts2=1682064855275&ts3=1682065018659&os=linux&version=22.11.3656&buildid=22.11.3656.202301100025&arch=x64&distrib=vana_linux&account_type=trial&license_info=&firstStartTimestamp=1679770155159&startTimestamp1=1682057756098&startTimestamp2=1682064855275&startTimestamp3=1682065018659
    at Timeout._onTimeout (/opt/Xmind/resources/app.asar/main/main.js:1:336847)
    at listOnTimeout (node:internal/timers:557:17)
    at processTimers (node:internal/timers:500:7)
[E 2023-04-23T04:59:10.907Z main:store:plugins:feature-request] Error: Request timeout at: https://www.xmind.app/_api/check_vana_trial
    at Timeout._onTimeout (/opt/Xmind/resources/app.asar/main/main.js:1:336847)
    at listOnTimeout (node:internal/timers:557:17)
    at processTimers (node:internal/timers:500:7)
[W 2023-04-23T04:59:10.907Z main:store:plugins:electron] Failed to load pricing: Error: Request timeout at: https://www.xmind.app/_res/get-vana-price?p=vana_linux&v=22.11.3656.202301100025&os=linux&ar=x64&nl=en-US
    at Timeout._onTimeout (/opt/Xmind/resources/app.asar/main/main.js:1:336847)
    at listOnTimeout (node:internal/timers:557:17)
    at processTimers (node:internal/timers:500:7)
[I 2023-04-23T08:29:52.500Z main:store:plugins:activation-updater] Schedule refresh timeout(null).
[I 2023-04-23T08:29:52.501Z main:store:plugins:activation-updater] Schedule refresh timeout(null).
[I 2023-04-23T09:55:22.719Z main:store:plugins:activation-updater] Schedule refresh timeout(null).
[I 2023-04-23T09:55:22.720Z main:store:plugins:activation-updater] Schedule refresh timeout(null).
[I 2023-04-23T10:55:22.720Z main:store:plugins:activation-updater] Schedule refresh timeout(null).
[I 2023-04-23T10:55:22.720Z main:store:plugins:activation-updater] Schedule refresh timeout(null).
[I 2023-04-23T11:55:22.721Z main:store:plugins:activation-updater] Schedule refresh timeout(null).
[I 2023-04-23T11:55:22.721Z main:store:plugins:activation-updater] Schedule refresh timeout(null).
[I 2023-04-23T13:59:27.078Z main:store:plugins:activation-updater] Schedule refresh timeout(null).
[I 2023-04-23T13:59:27.080Z main:store:plugins:activation-updater] Schedule refresh timeout(null).
[I 2023-04-23T15:01:43.739Z main:store:plugins:activation-updater] Schedule refresh timeout(null).
[I 2023-04-23T15:01:43.740Z main:store:plugins:activation-updater] Schedule refresh timeout(null).
[I 2023-04-23T17:01:16.872Z main:store:plugins:activation-updater] Schedule refresh timeout(null).
[I 2023-04-23T17:01:16.873Z main:store:plugins:activation-updater] Schedule refresh timeout(null).
[I 2023-04-23T18:01:16.874Z main:store:plugins:activation-updater] Schedule refresh timeout(null).
[I 2023-04-23T18:01:16.874Z main:store:plugins:activation-updater] Schedule refresh timeout(null).
