
-------- SESSION 2023-04-28T04:26:38.404Z (22.11.3656+202301100025, linux, x64, 16459444224, XMIND LTD., vana_linux) --------
[I 2023-04-28T04:26:38.418Z main:store:plugins:electron] current pid is "551740"
[I 2023-04-28T04:26:38.433Z usage-stats] sync data
[I 2023-04-28T04:26:38.483Z auto-updater] current version is "22.11.3656"
[I 2023-04-28T04:26:39.014Z main:store:plugins:electron] Application will finish launching.
[I 2023-04-28T04:26:39.023Z main:store:plugins:electron] Application arguments: ["/opt/Xmind/xmind"]
[I 2023-04-28T04:26:39.042Z main:store:plugins:electron] Application is ready.
[I 2023-04-28T04:26:39.072Z main:store:plugins:open-handler] Recover: Map(1) {
  '1' => [
    {
      source: 'file:///home/i0xfce/Documents/Project%20PassFX.xmind',
      editorId: '14fa8044f29bbf3dc178f8df0f'
    }
  ]
}
[I 2023-04-28T04:26:39.074Z main:store:plugins:activation-updater] Start updating subscription information periodically.
[I 2023-04-28T04:26:39.075Z main:store:plugins:activation-updater] Schedule refresh timeout(60000).
[I 2023-04-28T04:26:39.075Z main:store:plugins:activation-updater] Start updating per-machine license information periodically.
[I 2023-04-28T04:26:39.075Z main:store:plugins:activation-updater] Schedule refresh timeout(60000).
[I 2023-04-28T04:26:39.361Z main:store:plugins:electron] Device ID: e1f2411e-a9b6-4b7b-80d6-5e863c368b40
[I 2023-04-28T04:27:39.076Z main:store:plugins:activation-updater] Schedule refresh timeout(null).
[I 2023-04-28T04:27:39.078Z main:store:plugins:activation-updater] Schedule refresh timeout(null).
[I 2023-04-28T05:27:39.080Z main:store:plugins:activation-updater] Schedule refresh timeout(null).
[I 2023-04-28T05:27:39.081Z main:store:plugins:activation-updater] Schedule refresh timeout(null).
[I 2023-04-28T10:28:34.579Z main:store:plugins:activation-updater] Schedule refresh timeout(null).
[I 2023-04-28T10:28:34.580Z main:store:plugins:activation-updater] Schedule refresh timeout(null).
[W 2023-04-28T12:21:51.106Z ipc] API "POST /generate/image" unregistered on webContents "3" destroyed.