[I 2023-03-29T18:36:42.773Z main:store:plugins:activation-updater] Schedule refresh timeout(null).
[I 2023-03-29T18:36:42.773Z main:store:plugins:activation-updater] Schedule refresh timeout(null).
[W 2023-03-29T18:47:35.422Z ipc] API "POST /command/handle/frame/2" unregistered on webContents "5" destroyed.
-------- SESSION 2023-03-30T01:00:37.511Z (22.11.3656+202301100025, linux, x64, 16459452416, XMIND LTD., vana_linux) --------
[I 2023-03-30T01:00:37.525Z main:store:plugins:electron] current pid is "818730"
[I 2023-03-30T01:00:37.537Z usage-stats] sync data
[I 2023-03-30T01:00:37.581Z auto-updater] current version is "22.11.3656"
[I 2023-03-30T01:00:38.063Z main:store:plugins:electron] Application will finish launching.
[I 2023-03-30T01:00:38.073Z main:store:plugins:electron] Application arguments: ["/opt/Xmind/xmind"]
[I 2023-03-30T01:00:38.083Z main:store:plugins:electron] Application is ready.
[I 2023-03-30T01:00:38.129Z main:store:plugins:open-handler] Recover: Map(1) {
  '2' => [
    {
      source: 'file:///home/i0xfce/Documents/Daily%20Routine.xmind',
      editorId: 'c95b5409271b1a7aa8f86849b4'
    }
  ]
}
[I 2023-03-30T01:00:38.132Z main:store:plugins:activation-updater] Start updating subscription information periodically.
[I 2023-03-30T01:00:38.132Z main:store:plugins:activation-updater] Schedule refresh timeout(60000).
[I 2023-03-30T01:00:38.133Z main:store:plugins:activation-updater] Start updating per-machine license information periodically.
[I 2023-03-30T01:00:38.133Z main:store:plugins:activation-updater] Schedule refresh timeout(60000).
[I 2023-03-30T01:00:38.437Z main:store:plugins:electron] Device ID: e1f2411e-a9b6-4b7b-80d6-5e863c368b40
[I 2023-03-30T01:00:41.051Z snowbrush] Export image collect time: 19
[I 2023-03-30T01:00:41.065Z snowbrush] Export image time: 33
[I 2023-03-30T01:01:38.133Z main:store:plugins:activation-updater] Schedule refresh timeout(null).
[I 2023-03-30T01:01:38.134Z main:store:plugins:activation-updater] Schedule refresh timeout(null).
