
-------- SESSION 2023-04-29T05:26:30.657Z (22.11.3656+202301100025, linux, x64, 16459444224, XMIND LTD., vana_linux) --------
[I 2023-04-29T05:26:30.671Z main:store:plugins:electron] current pid is "1303073"
[I 2023-04-29T05:26:30.686Z usage-stats] sync data
[I 2023-04-29T05:26:30.729Z auto-updater] current version is "22.11.3656"
[I 2023-04-29T05:26:31.166Z main:store:plugins:electron] Application will finish launching.
[I 2023-04-29T05:26:31.174Z main:store:plugins:electron] Application arguments: ["/opt/Xmind/xmind"]
[I 2023-04-29T05:26:31.183Z main:store:plugins:electron] Application is ready.
[I 2023-04-29T05:26:31.214Z main:store:plugins:open-handler] Recover: Map(1) {
  '1' => [
    {
      source: 'file:///home/i0xfce/Documents/Project%20PassFX.xmind',
      editorId: '14fa8044f29bbf3dc178f8df0f'
    }
  ]
}
[I 2023-04-29T05:26:31.216Z main:store:plugins:activation-updater] Start updating subscription information periodically.
[I 2023-04-29T05:26:31.216Z main:store:plugins:activation-updater] Schedule refresh timeout(60000).
[I 2023-04-29T05:26:31.217Z main:store:plugins:activation-updater] Start updating per-machine license information periodically.
[I 2023-04-29T05:26:31.217Z main:store:plugins:activation-updater] Schedule refresh timeout(60000).
[I 2023-04-29T05:26:31.557Z main:store:plugins:electron] Device ID: e1f2411e-a9b6-4b7b-80d6-5e863c368b40
[I 2023-04-29T05:27:01.515Z main:store:plugins:editors:EditorFrame] Frame 1 close
[I 2023-04-29T05:27:04.788Z snowbrush] Export image collect time: 23
[I 2023-04-29T05:27:05.724Z snowbrush] Export image time: 959
[I 2023-04-29T05:27:05.826Z main:store:plugins:editors:EditorFrame] Not find editor view: undefined file:///opt/Xmind/resources/app.asar/renderer/editor-frame.html?frameId=1&_apr=dark
[I 2023-04-29T05:27:06.114Z main:store:plugins:editors:EditorFrame] Frame 1 close
[I 2023-04-29T05:27:06.154Z main:store:plugins:editors:EditorFrame] Frame 1 webContents destroyed
[I 2023-04-29T05:27:31.218Z main:store:plugins:activation-updater] Schedule refresh timeout(null).
[I 2023-04-29T05:27:31.219Z main:store:plugins:activation-updater] Schedule refresh timeout(null).
[I 2023-04-29T05:34:44.420Z snowbrush] null
[I 2023-04-29T05:34:55.857Z snowbrush] null
[I 2023-04-29T05:35:05.580Z snowbrush] null
[I 2023-04-29T05:35:14.480Z snowbrush] null
[I 2023-04-29T05:35:19.895Z snowbrush] null
[I 2023-04-29T05:35:26.827Z snowbrush] null
[I 2023-04-29T07:30:49.243Z main:store:plugins:activation-updater] Schedule refresh timeout(null).
[I 2023-04-29T07:30:49.246Z main:store:plugins:activation-updater] Schedule refresh timeout(null).
[I 2023-04-29T08:30:49.285Z main:store:plugins:activation-updater] Schedule refresh timeout(null).
[I 2023-04-29T08:30:49.285Z main:store:plugins:activation-updater] Schedule refresh timeout(null).
[W 2023-04-29T08:50:59.572Z ipc] API "POST /command/handle/frame/3" unregistered on webContents "7" destroyed.