Telemetry level is off
Experiments are disabled, only manually opted experiments are active.
LSP Notebooks experiment is disabled -- not using Pylance
LSP Notebooks interactive window support is disabled -- not in LSP Notebooks experiment
Python interpreter path: /bin/python
Starting Jedi language server for Wallpaper_Downloader.
> conda info --json
> /bin/python -I ~/.vscode-oss/extensions/ms-python.python-2023.4.1-universal/pythonFiles/get_output_via_markers.py ~/.vscode-oss/extensions/ms-python.python-2023.4.1-universal/pythonFiles/interpreterInfo.py
> /bin/python2 -I ~/.vscode-oss/extensions/ms-python.python-2023.4.1-universal/pythonFiles/get_output_via_markers.py ~/.vscode-oss/extensions/ms-python.python-2023.4.1-universal/pythonFiles/interpreterInfo.py
[ERROR 2023-3-30 0:22:52.800]: Support for Python 2.7 has been dropped by the Python extension so certain features may not work, upgrade to using Python 3.
> /bin/python2 ~/.vscode-oss/extensions/ms-python.python-2023.4.1-universal/pythonFiles/get_output_via_markers.py ~/.vscode-oss/extensions/ms-python.python-2023.4.1-universal/pythonFiles/interpreterInfo.py
> /sbin/python -I ~/.vscode-oss/extensions/ms-python.python-2023.4.1-universal/pythonFiles/get_output_via_markers.py ~/.vscode-oss/extensions/ms-python.python-2023.4.1-universal/pythonFiles/interpreterInfo.py
> /sbin/python2 -I ~/.vscode-oss/extensions/ms-python.python-2023.4.1-universal/pythonFiles/get_output_via_markers.py ~/.vscode-oss/extensions/ms-python.python-2023.4.1-universal/pythonFiles/interpreterInfo.py
[ERROR 2023-3-30 0:22:52.833]: Support for Python 2.7 has been dropped by the Python extension so certain features may not work, upgrade to using Python 3.
> /sbin/python2 ~/.vscode-oss/extensions/ms-python.python-2023.4.1-universal/pythonFiles/get_output_via_markers.py ~/.vscode-oss/extensions/ms-python.python-2023.4.1-universal/pythonFiles/interpreterInfo.py
> /usr/bin/python -I ~/.vscode-oss/extensions/ms-python.python-2023.4.1-universal/pythonFiles/get_output_via_markers.py ~/.vscode-oss/extensions/ms-python.python-2023.4.1-universal/pythonFiles/interpreterInfo.py
> /usr/bin/python2 -I ~/.vscode-oss/extensions/ms-python.python-2023.4.1-universal/pythonFiles/get_output_via_markers.py ~/.vscode-oss/extensions/ms-python.python-2023.4.1-universal/pythonFiles/interpreterInfo.py
[ERROR 2023-3-30 0:22:52.871]: Support for Python 2.7 has been dropped by the Python extension so certain features may not work, upgrade to using Python 3.
> /usr/bin/python2 ~/.vscode-oss/extensions/ms-python.python-2023.4.1-universal/pythonFiles/get_output_via_markers.py ~/.vscode-oss/extensions/ms-python.python-2023.4.1-universal/pythonFiles/interpreterInfo.py
> /usr/sbin/python -I ~/.vscode-oss/extensions/ms-python.python-2023.4.1-universal/pythonFiles/get_output_via_markers.py ~/.vscode-oss/extensions/ms-python.python-2023.4.1-universal/pythonFiles/interpreterInfo.py
> /usr/sbin/python2 -I ~/.vscode-oss/extensions/ms-python.python-2023.4.1-universal/pythonFiles/get_output_via_markers.py ~/.vscode-oss/extensions/ms-python.python-2023.4.1-universal/pythonFiles/interpreterInfo.py
[ERROR 2023-3-30 0:22:52.909]: Support for Python 2.7 has been dropped by the Python extension so certain features may not work, upgrade to using Python 3.
> /usr/sbin/python2 ~/.vscode-oss/extensions/ms-python.python-2023.4.1-universal/pythonFiles/get_output_via_markers.py ~/.vscode-oss/extensions/ms-python.python-2023.4.1-universal/pythonFiles/interpreterInfo.py
Send text to terminal: /bin/python /home/i0xfce/MEGAsync/Projects/Python/Wallpaper_Downloader/_main_.py
Send text to terminal: /bin/python /home/i0xfce/MEGAsync/Projects/Python/Wallpaper_Downloader/_secrets_.py
Send text to terminal: /bin/python /home/i0xfce/MEGAsync/Projects/Python/Wallpaper_Downloader/_main_.py
Send text to terminal: /bin/python /home/i0xfce/MEGAsync/Projects/Python/Wallpaper_Downloader/_secrets_.py
DAP Server launched with command: /bin/python /home/i0xfce/.vscode-oss/extensions/ms-python.python-2023.4.1-universal/pythonFiles/lib/python/debugpy/adapter
Send text to terminal:  /usr/bin/env /bin/python /home/i0xfce/.vscode-oss/extensions/ms-python.python-2023.4.1-universal/pythonFiles/lib/python/debugpy/adapter/../../debugpy/launcher 52487 -- /home/i0xfce/MEGAsync/Projects/Python/Wallpaper_Downloader/_secrets_.py 
DAP Server launched with command: /bin/python /home/i0xfce/.vscode-oss/extensions/ms-python.python-2023.4.1-universal/pythonFiles/lib/python/debugpy/adapter
Send text to terminal: clear
Send text to terminal:  cd /home/i0xfce/MEGAsync/Projects/Python/Wallpaper_Downloader ; /usr/bin/env /bin/python /home/i0xfce/.vscode-oss/extensions/ms-python.python-2023.4.1-universal/pythonFiles/lib/python/debugpy/adapter/../../debugpy/launcher 35343 -- /home/i0xfce/MEGAsync/Projects/Python/Wallpaper_Downloader/config.py 
DAP Server launched with command: /bin/python /home/i0xfce/.vscode-oss/extensions/ms-python.python-2023.4.1-universal/pythonFiles/lib/python/debugpy/adapter
Send text to terminal: clear
Send text to terminal:  cd /home/i0xfce/MEGAsync/Projects/Python/Wallpaper_Downloader ; /usr/bin/env /bin/python /home/i0xfce/.vscode-oss/extensions/ms-python.python-2023.4.1-universal/pythonFiles/lib/python/debugpy/adapter/../../debugpy/launcher 38735 -- /home/i0xfce/MEGAsync/Projects/Python/Wallpaper_Downloader/_secrets_.py 
DAP Server launched with command: /bin/python /home/i0xfce/.vscode-oss/extensions/ms-python.python-2023.4.1-universal/pythonFiles/lib/python/debugpy/adapter
Send text to terminal: clear
Send text to terminal:  cd /home/i0xfce/MEGAsync/Projects/Python/Wallpaper_Downloader ; /usr/bin/env /bin/python /home/i0xfce/.vscode-oss/extensions/ms-python.python-2023.4.1-universal/pythonFiles/lib/python/debugpy/adapter/../../debugpy/launcher 59683 -- /home/i0xfce/MEGAsync/Projects/Python/Wallpaper_Downloader/_secrets_.py 
