Name: isort
Module: isort
Python extension loading
Waiting for interpreter from python extension.
Python extension loaded
CWD Server: /home/i0xfce/MEGAsync/Projects/Python/Wallpaper_Downloader
sys.path used to run Server:
   /home/i0xfce/.vscode-oss/extensions/ms-python.isort-2022.8.0-universal/bundled/libs
   /home/i0xfce/.vscode-oss/extensions/ms-python.isort-2022.8.0-universal/bundled/tool
   /usr/lib/python310.zip
   /usr/lib/python3.10
   /usr/lib/python3.10/lib-dynload
   /home/i0xfce/.local/lib/python3.10/site-packages
   /usr/lib/python3.10/site-packages
Settings used to run Server:
[
    {
        "check": false,
        "workspace": "file:///home/i0xfce/MEGAsync/Projects/Python/Wallpaper_Downloader",
        "logLevel": "error",
        "args": [],
        "severity": {
            "W": "Warning",
            "E": "Hint"
        },
        "path": [],
        "interpreter": [
            "/bin/python"
        ],
        "importStrategy": "useBundled",
        "showNotifications": "off"
    }
]

/bin/python -m isort --version-number
CWD Linter: /home/i0xfce/MEGAsync/Projects/Python/Wallpaper_Downloader
Version info for isort running for /home/i0xfce/MEGAsync/Projects/Python/Wallpaper_Downloader:
5.10.1

SUPPORTED isort>=5.10.1
FOUND isort==5.10.1

