2023-05-05 13:13:25.541 [info] Log level: Info
2023-05-05 13:13:25.541 [info] Validating found git in: "git"
2023-05-05 13:13:25.541 [info] Using git "" from "git"
2023-05-05 13:13:25.541 [info] > git rev-parse --show-toplevel [4ms]
2023-05-05 13:13:25.541 [info] fatal: not a git repository (or any of the parent directories): .git
2023-05-05 13:13:25.542 [info] > git rev-parse --show-toplevel [5ms]
2023-05-05 13:13:25.542 [info] fatal: not a git repository (or any of the parent directories): .git
2023-05-05 13:13:25.547 [info] > git rev-parse --show-toplevel [1ms]
2023-05-05 13:13:25.547 [info] fatal: not a git repository (or any of the parent directories): .git
2023-05-05 13:13:26.596 [info] > git rev-parse --show-toplevel [1ms]
2023-05-05 13:13:26.596 [info] fatal: not a git repository (or any of the parent directories): .git
2023-05-05 13:13:49.087 [info] > git rev-parse --show-toplevel [2ms]
2023-05-05 13:13:49.087 [info] fatal: not a git repository (or any of the parent directories): .git
2023-05-05 13:13:50.181 [info] > git rev-parse --show-toplevel [1ms]
2023-05-05 13:13:50.181 [info] fatal: not a git repository (or any of the parent directories): .git
2023-05-05 13:13:51.619 [info] > git rev-parse --show-toplevel [3ms]
2023-05-05 13:13:51.619 [info] fatal: not a git repository (or any of the parent directories): .git
2023-05-05 13:13:54.960 [info] > git rev-parse --show-toplevel [3ms]
2023-05-05 13:13:54.960 [info] fatal: not a git repository (or any of the parent directories): .git
2023-05-05 13:15:00.090 [info] > git rev-parse --show-toplevel [11ms]
2023-05-05 13:15:00.090 [info] fatal: not a git repository (or any of the parent directories): .git
2023-05-05 13:15:00.286 [info] > git rev-parse --show-toplevel [2ms]
2023-05-05 13:15:00.286 [info] fatal: not a git repository (or any of the parent directories): .git
2023-05-05 13:15:02.992 [info] > git rev-parse --show-toplevel [3ms]
2023-05-05 13:15:02.992 [info] fatal: not a git repository (or any of the parent directories): .git
2023-05-05 13:15:04.603 [info] > git rev-parse --show-toplevel [2ms]
2023-05-05 13:15:04.603 [info] fatal: not a git repository (or any of the parent directories): .git
