2023-03-22 18:22:50.394 [info] Starting worker process with pid 415638 (type: fileWatcher, window: 1).
2023-03-22 18:22:50.592 [info] Deleted from disk ms-toolsai.jupyter-keymap /home/i0xfce/.vscode-oss/extensions/ms-toolsai.jupyter-keymap-1.0.0
2023-03-22 18:22:56.045 [info] Getting Manifest... ms-python.python
2023-03-22 18:22:56.050 [info] Getting Manifest... ms-toolsai.jupyter
2023-03-22 18:22:56.050 [info] Getting Manifest... ms-toolsai.jupyter-renderers
2023-03-22 18:22:56.060 [info] Installing extension: ms-toolsai.jupyter
2023-03-22 18:22:56.062 [info] Installing extension: ms-python.python
2023-03-22 18:22:56.064 [info] Installing extension: ms-toolsai.jupyter-renderers
2023-03-22 18:23:00.190 [info] Extracted extension to /home/i0xfce/.vscode-oss/extensions/.6aeae3d3-ea2b-4ced-888a-262cb5a4d501: ms-toolsai.jupyter-renderers
2023-03-22 18:23:00.193 [info] Renamed to /home/i0xfce/.vscode-oss/extensions/ms-toolsai.jupyter-renderers-1.0.15-universal
2023-03-22 18:23:00.194 [info] Extracting extension completed. ms-toolsai.jupyter-renderers
2023-03-22 18:23:00.201 [info] Extension installed successfully: ms-toolsai.jupyter-renderers
2023-03-22 18:23:00.203 [info] Marked extension as uninstalled ms-toolsai.jupyter-renderers-1.0.12-universal
2023-03-22 18:23:02.492 [info] Extracted extension to /home/i0xfce/.vscode-oss/extensions/.378cd63b-85ee-4588-8f2d-9a30839cc37a: ms-toolsai.jupyter
2023-03-22 18:23:02.498 [info] Renamed to /home/i0xfce/.vscode-oss/extensions/ms-toolsai.jupyter-2023.3.100-universal
2023-03-22 18:23:02.504 [info] Extracting extension completed. ms-toolsai.jupyter
2023-03-22 18:23:02.510 [info] Extension installed successfully: ms-toolsai.jupyter
2023-03-22 18:23:02.517 [info] Marked extension as uninstalled ms-toolsai.jupyter-2022.10.110-universal
2023-03-22 18:23:05.546 [info] Extracted extension to /home/i0xfce/.vscode-oss/extensions/.f79d1e9e-3036-45f3-aeaf-b3f2901ea2d6: ms-python.python
2023-03-22 18:23:05.551 [info] Renamed to /home/i0xfce/.vscode-oss/extensions/ms-python.python-2023.4.0-universal
2023-03-22 18:23:05.553 [info] Extracting extension completed. ms-python.python
2023-03-22 18:23:05.558 [info] Extension installed successfully: ms-python.python
2023-03-22 18:23:05.561 [info] Marked extension as uninstalled ms-python.python-2022.18.2-universal
