2023-04-30 00:22:42.580 [info] Starting worker process with pid 1909666 (type: fileWatcher, window: 1).
2023-04-30 00:22:42.931 [info] Deleted from disk vscjava.vscode-java-debug /home/i0xfce/.vscode-oss/extensions/vscjava.vscode-java-debug-0.49.1-universal
2023-04-30 00:22:48.121 [info] Getting Manifest... franneck94.c-cpp-runner
2023-04-30 00:22:48.126 [info] Getting Manifest... ms-python.python
2023-04-30 00:22:48.127 [info] Getting Manifest... redhat.java
2023-04-30 00:22:48.140 [info] Installing extension: franneck94.c-cpp-runner
2023-04-30 00:22:48.142 [info] Installing extension: ms-python.python
2023-04-30 00:22:48.143 [info] Installing extension: redhat.java
2023-04-30 00:22:49.442 [info] Getting Manifest... vadimcn.vscode-lldb
2023-04-30 00:22:49.524 [info] Extension signature verification is not done: franneck94.c-cpp-runner
2023-04-30 00:22:49.568 [info] Extracted extension to /home/i0xfce/.vscode-oss/extensions/.cc39c09b-b1a3-4c2f-a8c5-94e9ed56adac: franneck94.c-cpp-runner
2023-04-30 00:22:49.571 [info] Renamed to /home/i0xfce/.vscode-oss/extensions/franneck94.c-cpp-runner-5.2.1-universal
2023-04-30 00:22:49.573 [info] Extracting extension completed. franneck94.c-cpp-runner
2023-04-30 00:22:49.578 [info] Extension installed successfully: franneck94.c-cpp-runner
2023-04-30 00:22:49.579 [info] Marked extension as uninstalled franneck94.c-cpp-runner-4.3.1-universal
2023-04-30 00:23:00.837 [info] Extension signature verification is not done: ms-python.python
2023-04-30 00:23:02.117 [info] Extracted extension to /home/i0xfce/.vscode-oss/extensions/.afce1d0e-9344-46a0-bd35-516c3e47818f: ms-python.python
2023-04-30 00:23:02.125 [info] Renamed to /home/i0xfce/.vscode-oss/extensions/ms-python.python-2023.6.1-universal
2023-04-30 00:23:02.129 [info] Extracting extension completed. ms-python.python
2023-04-30 00:23:02.135 [info] Extension installed successfully: ms-python.python
2023-04-30 00:23:02.139 [info] Marked extension as uninstalled ms-python.python-2023.4.1-universal
2023-04-30 00:23:41.285 [info] Extension signature verification is not done: redhat.java
2023-04-30 00:23:41.753 [info] Extracted extension to /home/i0xfce/.vscode-oss/extensions/.8c48ba3b-de98-43fb-9176-93e1b665e19e: redhat.java
2023-04-30 00:23:41.758 [info] Renamed to /home/i0xfce/.vscode-oss/extensions/redhat.java-1.18.0-universal
2023-04-30 00:23:41.761 [info] Extracting extension completed. redhat.java
2023-04-30 00:23:41.819 [info] Extension installed successfully: redhat.java
2023-04-30 00:23:41.823 [info] Marked extension as uninstalled redhat.java-1.16.0-linux-x64
