2023-05-05 13:13:20.943 [info] Added views:workbench.panel.markers.view in workbench.panel.markers
2023-05-05 13:13:20.943 [info] Added views:workbench.panel.output in workbench.panel.output
2023-05-05 13:13:20.943 [info] Added views:terminal in terminal
2023-05-05 13:13:20.943 [info] Added views:outline in workbench.view.explorer
2023-05-05 13:13:20.943 [info] Added views:workbench.scm in workbench.view.scm
2023-05-05 13:13:20.943 [info] Added views:workbench.view.search in workbench.view.search
2023-05-05 13:13:20.943 [info] Added views:timeline in workbench.view.explorer
2023-05-05 13:13:20.943 [info] Added views:workbench.explorer.fileView in workbench.view.explorer
2023-05-05 13:13:21.285 [info] Added views:workbench.debug.variablesView,workbench.debug.watchExpressionsView,workbench.debug.callStackView,workbench.debug.breakPointsView in workbench.view.debug
2023-05-05 13:13:21.472 [info] Added views:workbench.panel.repl.view in workbench.panel.repl
2023-05-05 13:13:21.474 [info] Removed views:workbench.debug.breakPointsView,workbench.debug.callStackView,workbench.debug.watchExpressionsView,workbench.debug.variablesView from workbench.view.debug
2023-05-05 13:13:21.475 [info] Added views:workbench.debug.welcome in workbench.view.debug
2023-05-05 13:13:31.102 [info] Added views:workbench.debug.breakPointsView in workbench.view.debug
2023-05-05 13:13:34.209 [info] Added views:workbench.views.extensions.installed,workbench.views.extensions.popular,extensions.recommendedList in workbench.view.extensions
2023-05-05 13:13:34.213 [info] Removed views:workbench.views.extensions.popular from workbench.view.extensions
2023-05-05 13:13:34.807 [info] Removed views:extensions.recommendedList,workbench.views.extensions.installed from workbench.view.extensions
2023-05-05 13:13:34.832 [info] Added views:workbench.views.extensions.marketplace in workbench.view.extensions
2023-05-05 13:13:54.903 [info] Added views:workbench.view.testing in workbench.view.extension.test
2023-05-05 13:15:00.209 [info] Removed views:workbench.debug.welcome from workbench.view.debug
2023-05-05 13:15:00.211 [info] Added views:workbench.debug.variablesView,workbench.debug.watchExpressionsView,workbench.debug.callStackView in workbench.view.debug
