VSCodium (1.76.2, undefined, desktop)
Jupyter Extension Version: 2022.10.110.
Python Extension Version: 2022.18.2.
No workspace folder opened.
info 18:22:50.760: ZMQ install verified.
info 18:22:50.996: LSP Notebooks experiment is disabled -- Pylance disabled or not installed
error 18:22:51.060: Create activated Env, Class name = w, completed in 0ms, has a falsy return value, Arg 1: {"allowEnvironmentFetchExceptions":true,"interpreter":{"id":"/bin/python","sysPrefix":"/usr","envPath":{"$mid":1,"path":"/bin/python","scheme":"file"},"uri":{"$mid":1,"external":"file:///bin/python","path":"/bin/python","scheme":"file"},"envType":"Unknown","version":{"major":3,"minor":10,"patch":10,"raw":"3.10.10 (main, Mar  5 2023, 22:26:53) [GCC 12.2.1 20230201]"}}} [Error: Workspace not trusted
	at w.createActivatedEnvironment (/home/i0xfce/.vscode-oss/extensions/ms-toolsai.jupyter-2022.10.110-universal/out/extension.node.js:7:81136)
	at /home/i0xfce/.vscode-oss/extensions/ms-toolsai.jupyter-2022.10.110-universal/out/extension.node.js:7:102568
	at t.tracing (/home/i0xfce/.vscode-oss/extensions/ms-toolsai.jupyter-2022.10.110-universal/out/extension.node.js:7:167362)
	at i.value (/home/i0xfce/.vscode-oss/extensions/ms-toolsai.jupyter-2022.10.110-universal/out/extension.node.js:7:102548)
	at r.getPackageInformation (/home/i0xfce/.vscode-oss/extensions/ms-toolsai.jupyter-2022.10.110-universal/out/extension.node.js:17:42479)
	at /home/i0xfce/.vscode-oss/extensions/ms-toolsai.jupyter-2022.10.110-universal/out/extension.node.js:7:102568
	at t.tracing (/home/i0xfce/.vscode-oss/extensions/ms-toolsai.jupyter-2022.10.110-universal/out/extension.node.js:7:167362)
	at i.value (/home/i0xfce/.vscode-oss/extensions/ms-toolsai.jupyter-2022.10.110-universal/out/extension.node.js:7:102548)
	at r.trackInterpreterPackages (/home/i0xfce/.vscode-oss/extensions/ms-toolsai.jupyter-2022.10.110-universal/out/extension.node.js:17:42115)
	at r.trackPackagesInternal (/home/i0xfce/.vscode-oss/extensions/ms-toolsai.jupyter-2022.10.110-universal/out/extension.node.js:17:41928)
	at r.trackPackages (/home/i0xfce/.vscode-oss/extensions/ms-toolsai.jupyter-2022.10.110-universal/out/extension.node.js:17:40496)
	at f.trackPackagesOfActiveInterpreter (/home/i0xfce/.vscode-oss/extensions/ms-toolsai.jupyter-2022.10.110-universal/out/extension.node.js:2:893003)
	at async f.trackUponActivation (/home/i0xfce/.vscode-oss/extensions/ms-toolsai.jupyter-2022.10.110-universal/out/extension.node.js:2:892762)]
error 18:22:51.061: interpreterPackages getPackageInformation, Class name = r, completed in 1ms, has a falsy return value, Arg 1: {"interpreter":{"id":"/bin/python","sysPrefix":"/usr","envPath":{"$mid":1,"path":"/bin/python","scheme":"file"},"uri":{"$mid":1,"external":"file:///bin/python","path":"/bin/python","scheme":"file"},"envType":"Unknown","version":{"major":3,"minor":10,"patch":10,"raw":"3.10.10 (main, Mar  5 2023, 22:26:53) [GCC 12.2.1 20230201]"}}} [Error: Workspace not trusted
	at w.createActivatedEnvironment (/home/i0xfce/.vscode-oss/extensions/ms-toolsai.jupyter-2022.10.110-universal/out/extension.node.js:7:81136)
	at /home/i0xfce/.vscode-oss/extensions/ms-toolsai.jupyter-2022.10.110-universal/out/extension.node.js:7:102568
	at t.tracing (/home/i0xfce/.vscode-oss/extensions/ms-toolsai.jupyter-2022.10.110-universal/out/extension.node.js:7:167362)
	at i.value (/home/i0xfce/.vscode-oss/extensions/ms-toolsai.jupyter-2022.10.110-universal/out/extension.node.js:7:102548)
	at r.getPackageInformation (/home/i0xfce/.vscode-oss/extensions/ms-toolsai.jupyter-2022.10.110-universal/out/extension.node.js:17:42479)
	at /home/i0xfce/.vscode-oss/extensions/ms-toolsai.jupyter-2022.10.110-universal/out/extension.node.js:7:102568
	at t.tracing (/home/i0xfce/.vscode-oss/extensions/ms-toolsai.jupyter-2022.10.110-universal/out/extension.node.js:7:167362)
	at i.value (/home/i0xfce/.vscode-oss/extensions/ms-toolsai.jupyter-2022.10.110-universal/out/extension.node.js:7:102548)
	at r.trackInterpreterPackages (/home/i0xfce/.vscode-oss/extensions/ms-toolsai.jupyter-2022.10.110-universal/out/extension.node.js:17:42115)
	at r.trackPackagesInternal (/home/i0xfce/.vscode-oss/extensions/ms-toolsai.jupyter-2022.10.110-universal/out/extension.node.js:17:41928)
	at r.trackPackages (/home/i0xfce/.vscode-oss/extensions/ms-toolsai.jupyter-2022.10.110-universal/out/extension.node.js:17:40496)
	at f.trackPackagesOfActiveInterpreter (/home/i0xfce/.vscode-oss/extensions/ms-toolsai.jupyter-2022.10.110-universal/out/extension.node.js:2:893003)
	at async f.trackUponActivation (/home/i0xfce/.vscode-oss/extensions/ms-toolsai.jupyter-2022.10.110-universal/out/extension.node.js:2:892762)]
info 18:24:05.285: Shutting down notebooks for 6243da0f-7280-42e8-bcb8-0dd244d56327
info 18:24:05.285: Disposing HostJupyterExecution eca09b01-c831-4869-a5cf-8697cfb8d638
info 18:24:05.285: Disposing super HostJupyterExecution eca09b01-c831-4869-a5cf-8697cfb8d638
info 18:24:05.286: Disposing HostJupyterExecution eca09b01-c831-4869-a5cf-8697cfb8d638
info 18:24:05.286: Finished disposing HostJupyterExecution  eca09b01-c831-4869-a5cf-8697cfb8d638
info 18:24:05.289: Cleaning up server cache eca09b01-c831-4869-a5cf-8697cfb8d638
info 18:24:05.289: Finished disposing HostJupyterExecution  eca09b01-c831-4869-a5cf-8697cfb8d638
